#
# There is insufficient memory for the Java Runtime Environment to continue.
# Native memory allocation (mmap) failed to map 234881024 bytes. Error detail: G1 virtual space
# Possible reasons:
#   The system is out of physical RAM or swap space
#   This process is running with CompressedOops enabled, and the Java Heap may be blocking the growth of the native heap
# Possible solutions:
#   Reduce memory load on the system
#   Increase physical memory or swap space
#   Check if swap backing store is full
#   Decrease Java heap size (-Xmx/-Xms)
#   Decrease number of Java threads
#   Decrease Java thread stack sizes (-Xss)
#   Set larger code cache with -XX:ReservedCodeCacheSize=
#   JVM is running with Zero Based Compressed Oops mode in which the Java heap is
#     placed in the first 32GB address space. The Java Heap base address is the
#     maximum limit for the native heap growth. Please use -XX:HeapBaseMinAddress
#     to set the Java Heap base and to place the Java Heap above 32GB virtual address.
# This output file may be truncated or incomplete.
#
#  Out of Memory Error (os_windows.cpp:3825), pid=3108, tid=10668
#
# JRE version:  (17.0.12+1) (build )
# Java VM: OpenJDK 64-Bit Server VM (17.0.12+1-b1207.37, mixed mode, emulated-client, sharing, tiered, compressed oops, compressed class ptrs, g1 gc, windows-amd64)
# No core dump will be written. Minidumps are not enabled by default on client versions of Windows
#

---------------  S U M M A R Y ------------

Command Line: -XX:TieredStopAtLevel=1 -Dspring.output.ansi.enabled=always -Dcom.sun.management.jmxremote -Dspring.jmx.enabled=true -Dspring.liveBeansView.mbeanDomain -Dspring.application.admin.enabled=true -Dmanagement.endpoints.jmx.exposure.include=* -javaagent:D:\Softwares\IntelliJ IDEA 2024.3\lib\idea_rt.jar=58261:D:\Softwares\IntelliJ IDEA 2024.3\bin -Dfile.encoding=UTF-8 com.example.edukate_be.EdukateBeApplication

Host: AMD Ryzen 5 3550H with Radeon Vega Mobile Gfx  , 8 cores, 13G,  Windows 10 , 64 bit Build 19041 (10.0.19041.3155)
Time: Fri Dec 13 22:21:46 2024 SE Asia Standard Time elapsed time: 0.010385 seconds (0d 0h 0m 0s)

---------------  T H R E A D  ---------------

Current thread (0x000001825f91c680):  JavaThread "Unknown thread" [_thread_in_vm, id=10668, stack(0x00000026f9c00000,0x00000026f9d00000)]

Stack: [0x00000026f9c00000,0x00000026f9d00000]
Native frames: (J=compiled Java code, j=interpreted, Vv=VM code, C=native code)
V  [jvm.dll+0x689d89]  os::platform_print_native_stack+0xd9  (os_windows_x86.cpp:235)
V  [jvm.dll+0x84386a]  VMError::report+0xc6a  (vmError.cpp:868)
V  [jvm.dll+0x8454ee]  VMError::report_and_die+0x78e  (vmError.cpp:1766)
V  [jvm.dll+0x845b53]  VMError::report_and_die+0x43  (vmError.cpp:1552)
V  [jvm.dll+0x24a56f]  report_vm_out_of_memory+0x8f  (debug.cpp:321)
V  [jvm.dll+0x686ad9]  os::pd_commit_memory_or_exit+0xc9  (os_windows.cpp:3833)
V  [jvm.dll+0x67b3da]  os::commit_memory_or_exit+0x2a  (os.cpp:1740)
V  [jvm.dll+0x30b15b]  G1PageBasedVirtualSpace::commit+0x19b  (g1PageBasedVirtualSpace.cpp:204)
V  [jvm.dll+0x312646]  G1RegionsLargerThanCommitSizeMapper::commit_regions+0x96  (g1RegionToSpaceMapper.cpp:100)
V  [jvm.dll+0x36288e]  HeapRegionManager::expand_any+0xee  (heapRegionManager.cpp:363)
V  [jvm.dll+0x362acf]  HeapRegionManager::expand_by+0x7f  (heapRegionManager.cpp:380)
V  [jvm.dll+0x2e125c]  G1CollectedHeap::expand+0xbc  (g1CollectedHeap.cpp:1292)
V  [jvm.dll+0x2e21b4]  G1CollectedHeap::initialize+0x664  (g1CollectedHeap.cpp:1713)
V  [jvm.dll+0x81420b]  universe_init+0xbb  (universe.cpp:737)
V  [jvm.dll+0x370618]  init_globals+0x48  (init.cpp:131)
V  [jvm.dll+0x7f2b45]  Threads::create_vm+0x5e5  (thread.cpp:2909)
V  [jvm.dll+0x3f4aaf]  JNI_CreateJavaVM_inner+0x8f  (jni.cpp:3654)
V  [jvm.dll+0x3f6661]  JNI_CreateJavaVM+0x11  (jni.cpp:3746)
C  [jli.dll+0x528f]  JavaMain+0x113  (java.c:413)
C  [ucrtbase.dll+0x21bb2]
C  [KERNEL32.DLL+0x17614]
C  [ntdll.dll+0x526b1]


---------------  P R O C E S S  ---------------

Threads class SMR info:
_java_thread_list=0x00007fff69225fd8, length=0, elements={
}

Java Threads: ( => current thread )

Other Threads:
  0x000001825f97d820 GCTaskThread "GC Thread#0" [stack: 0x00000026f9d00000,0x00000026f9e00000] [id=8080]
  0x000001825f98c680 ConcurrentGCThread "G1 Main Marker" [stack: 0x00000026f9e00000,0x00000026f9f00000] [id=9232]
  0x000001825f98e850 ConcurrentGCThread "G1 Conc#0" [stack: 0x00000026f9f00000,0x00000026fa000000] [id=9328]

[error occurred during error reporting (printing all threads), id 0xc0000005, EXCEPTION_ACCESS_VIOLATION (0xc0000005) at pc=0x00007fff689d1ae7]

VM state: not at safepoint (not fully initialized)

VM Mutex/Monitor currently owned by a thread:  ([mutex/lock_event])
[0x000001825f916c90] Heap_lock - owner thread: 0x000001825f91c680

Heap address: 0x0000000720e00000, size: 3570 MB, Compressed Oops mode: Zero based, Oop shift amount: 3

CDS archive(s) mapped at: [0x0000000000000000-0x0000000000000000-0x0000000000000000), size 0, SharedBaseAddress: 0x0000000800000000, ArchiveRelocationMode: 1.
Narrow klass base: 0x0000000000000000, Narrow klass shift: 0, Narrow klass range: 0x0

GC Precious Log:
<Empty>

Heap:
 garbage-first heap   total 0K, used 0K [0x0000000720e00000, 0x0000000800000000)
  region size 2048K, 0 young (0K), 0 survivors (0K)
 Metaspace       used 0K, committed 0K, reserved 0K
  class space    used 0K, committed 0K, reserved 0K

Heap Regions: E=young(eden), S=young(survivor), O=old, HS=humongous(starts), HC=humongous(continues), CS=collection set, F=free, OA=open archive, CA=closed archive, TAMS=top-at-mark-start (previous, next)

Card table byte_map: [0x00000182688b0000,0x0000018268fb0000] _byte_map_base: 0x0000018264fa9000

Marking Bits (Prev, Next): (CMBitMap*) 0x000001825f97de40, (CMBitMap*) 0x000001825f97de80
 Prev Bits: [0x00000182696b0000, 0x000001826ce78000)
 Next Bits: [0x000001826ce80000, 0x0000018270648000)

GC Heap History (0 events):
No events

Dll operation events (1 events):
Event: 0.006 Loaded shared library C:\Users\Admin\.jdks\jbr-17.0.12\bin\java.dll

Deoptimization events (0 events):
No events

Classes loaded (0 events):
No events

Classes unloaded (0 events):
No events

Classes redefined (0 events):
No events

Internal exceptions (0 events):
No events

VM Operations (0 events):
No events

Events (0 events):
No events


Dynamic libraries:
0x00007ff7869e0000 - 0x00007ff7869ea000 	C:\Users\Admin\.jdks\jbr-17.0.12\bin\java.exe
0x00007fffa44d0000 - 0x00007fffa46c8000 	C:\Windows\SYSTEM32\ntdll.dll
0x00007fffa40b0000 - 0x00007fffa416f000 	C:\Windows\System32\KERNEL32.DLL
0x00007fffa1d10000 - 0x00007fffa2006000 	C:\Windows\System32\KERNELBASE.dll
0x00007fffa20b0000 - 0x00007fffa21b0000 	C:\Windows\System32\ucrtbase.dll
0x00007fff9ca00000 - 0x00007fff9ca17000 	C:\Users\Admin\.jdks\jbr-17.0.12\bin\jli.dll
0x00007fff96eb0000 - 0x00007fff96ecb000 	C:\Users\Admin\.jdks\jbr-17.0.12\bin\VCRUNTIME140.dll
0x00007fffa2be0000 - 0x00007fffa2d7d000 	C:\Windows\System32\USER32.dll
0x00007fffa2500000 - 0x00007fffa2522000 	C:\Windows\System32\win32u.dll
0x00007fff8e4f0000 - 0x00007fff8e78a000 	C:\Windows\WinSxS\amd64_microsoft.windows.common-controls_6595b64144ccf1df_6.0.19041.1110_none_60b5254171f9507e\COMCTL32.dll
0x00007fffa42b0000 - 0x00007fffa42dc000 	C:\Windows\System32\GDI32.dll
0x00007fffa2350000 - 0x00007fffa2465000 	C:\Windows\System32\gdi32full.dll
0x00007fffa31f0000 - 0x00007fffa328e000 	C:\Windows\System32\msvcrt.dll
0x00007fffa2010000 - 0x00007fffa20ad000 	C:\Windows\System32\msvcp_win.dll
0x00007fffa26a0000 - 0x00007fffa26d0000 	C:\Windows\System32\IMM32.DLL
0x00007fff96ea0000 - 0x00007fff96eac000 	C:\Users\Admin\.jdks\jbr-17.0.12\bin\vcruntime140_1.dll
0x00007fff96d70000 - 0x00007fff96dfd000 	C:\Users\Admin\.jdks\jbr-17.0.12\bin\msvcp140.dll
0x00007fff686e0000 - 0x00007fff6936a000 	C:\Users\Admin\.jdks\jbr-17.0.12\bin\server\jvm.dll
0x00007fffa43e0000 - 0x00007fffa448f000 	C:\Windows\System32\ADVAPI32.dll
0x00007fffa42e0000 - 0x00007fffa437c000 	C:\Windows\System32\sechost.dll
0x00007fffa2800000 - 0x00007fffa2926000 	C:\Windows\System32\RPCRT4.dll
0x00007fffa4040000 - 0x00007fffa40ab000 	C:\Windows\System32\WS2_32.dll
0x00007fff9a5f0000 - 0x00007fff9a5fa000 	C:\Windows\SYSTEM32\VERSION.dll
0x00007fffa1a10000 - 0x00007fffa1a5b000 	C:\Windows\SYSTEM32\POWRPROF.dll
0x00007fff97f10000 - 0x00007fff97f37000 	C:\Windows\SYSTEM32\WINMM.dll
0x00007fffa19f0000 - 0x00007fffa1a02000 	C:\Windows\SYSTEM32\UMPDC.dll
0x00007fff9fa60000 - 0x00007fff9fa72000 	C:\Windows\SYSTEM32\kernel.appcore.dll
0x00007fff96e90000 - 0x00007fff96e9a000 	C:\Users\Admin\.jdks\jbr-17.0.12\bin\jimage.dll
0x00007fff98120000 - 0x00007fff98304000 	C:\Windows\SYSTEM32\DBGHELP.DLL
0x00007fff90c70000 - 0x00007fff90ca4000 	C:\Windows\SYSTEM32\dbgcore.DLL
0x00007fffa2470000 - 0x00007fffa24f2000 	C:\Windows\System32\bcryptPrimitives.dll
0x00007fff96e80000 - 0x00007fff96e8e000 	C:\Users\Admin\.jdks\jbr-17.0.12\bin\instrument.dll
0x00007fff96d40000 - 0x00007fff96d65000 	C:\Users\Admin\.jdks\jbr-17.0.12\bin\java.dll

dbghelp: loaded successfully - version: 4.0.5 - missing functions: none
symbol engine: initialized successfully - sym options: 0x614 - pdb path: .;C:\Users\Admin\.jdks\jbr-17.0.12\bin;C:\Windows\SYSTEM32;C:\Windows\WinSxS\amd64_microsoft.windows.common-controls_6595b64144ccf1df_6.0.19041.1110_none_60b5254171f9507e;C:\Users\Admin\.jdks\jbr-17.0.12\bin\server

VM Arguments:
jvm_args: -XX:TieredStopAtLevel=1 -Dspring.output.ansi.enabled=always -Dcom.sun.management.jmxremote -Dspring.jmx.enabled=true -Dspring.liveBeansView.mbeanDomain -Dspring.application.admin.enabled=true -Dmanagement.endpoints.jmx.exposure.include=* -javaagent:D:\Softwares\IntelliJ IDEA 2024.3\lib\idea_rt.jar=58261:D:\Softwares\IntelliJ IDEA 2024.3\bin -Dfile.encoding=UTF-8 
java_command: com.example.edukate_be.EdukateBeApplication
java_class_path (initial): D:\Study\Project\edukate_be\target\classes;C:\Users\Admin\.m2\repository\org\springframework\boot\spring-boot-starter-data-jdbc\3.4.0\spring-boot-starter-data-jdbc-3.4.0.jar;C:\Users\Admin\.m2\repository\org\springframework\boot\spring-boot-starter-jdbc\3.4.0\spring-boot-starter-jdbc-3.4.0.jar;C:\Users\Admin\.m2\repository\com\zaxxer\HikariCP\5.1.0\HikariCP-5.1.0.jar;C:\Users\Admin\.m2\repository\org\springframework\spring-jdbc\6.2.0\spring-jdbc-6.2.0.jar;C:\Users\Admin\.m2\repository\org\springframework\data\spring-data-jdbc\3.4.0\spring-data-jdbc-3.4.0.jar;C:\Users\Admin\.m2\repository\org\springframework\data\spring-data-relational\3.4.0\spring-data-relational-3.4.0.jar;C:\Users\Admin\.m2\repository\org\springframework\data\spring-data-commons\3.4.0\spring-data-commons-3.4.0.jar;C:\Users\Admin\.m2\repository\org\springframework\spring-tx\6.2.0\spring-tx-6.2.0.jar;C:\Users\Admin\.m2\repository\org\springframework\spring-context\6.2.0\spring-context-6.2.0.jar;C:\Users\Admin\.m2\repository\org\springframework\spring-beans\6.2.0\spring-beans-6.2.0.jar;C:\Users\Admin\.m2\repository\org\slf4j\slf4j-api\2.0.16\slf4j-api-2.0.16.jar;C:\Users\Admin\.m2\repository\org\springframework\boot\spring-boot-starter-data-jpa\3.4.0\spring-boot-starter-data-jpa-3.4.0.jar;C:\Users\Admin\.m2\repository\org\springframework\boot\spring-boot-starter\3.4.0\spring-boot-starter-3.4.0.jar;C:\Users\Admin\.m2\repository\org\springframework\boot\spring-boot\3.4.0\spring-boot-3.4.0.jar;C:\Users\Admin\.m2\repository\org\springframework\boot\spring-boot-autoconfigure\3.4.0\spring-boot-autoconfigure-3.4.0.jar;C:\Users\Admin\.m2\repository\org\springframework\boot\spring-boot-starter-logging\3.4.0\spring-boot-starter-logging-3.4.0.jar;C:\Users\Admin\.m2\repository\ch\qos\logback\logback-classic\1.5.12\logback-classic-1.5.12.jar;C:\Users\Admin\.m2\repository\ch\qos\logback\logback-core\1.5.12\logback-core-1.5.12.jar;C:\Users\Admin\.m2\repository\org\apache\logging\log4j\lo
Launcher Type: SUN_STANDARD

[Global flags]
     intx CICompilerCount                          = 4                                         {product} {ergonomic}
     uint ConcGCThreads                            = 2                                         {product} {ergonomic}
     uint G1ConcRefinementThreads                  = 8                                         {product} {ergonomic}
   size_t G1HeapRegionSize                         = 2097152                                   {product} {ergonomic}
    uintx GCDrainStackTargetSize                   = 64                                        {product} {ergonomic}
   size_t InitialHeapSize                          = 234881024                                 {product} {ergonomic}
     bool ManagementServer                         = true                                      {product} {command line}
   size_t MarkStackSize                            = 4194304                                   {product} {ergonomic}
   size_t MaxHeapSize                              = 3743416320                                {product} {ergonomic}
   size_t MinHeapDeltaBytes                        = 2097152                                   {product} {ergonomic}
   size_t MinHeapSize                              = 8388608                                   {product} {ergonomic}
    uintx NonProfiledCodeHeapSize                  = 0                                      {pd product} {ergonomic}
     bool ProfileInterpreter                       = false                                  {pd product} {command line}
    uintx ProfiledCodeHeapSize                     = 0                                      {pd product} {ergonomic}
   size_t SoftMaxHeapSize                          = 3743416320                             {manageable} {ergonomic}
     intx TieredStopAtLevel                        = 1                                         {product} {command line}
     bool UseCompressedClassPointers               = true                           {product lp64_product} {ergonomic}
     bool UseCompressedOops                        = true                           {product lp64_product} {ergonomic}
     bool UseG1GC                                  = true                                      {product} {ergonomic}
     bool UseLargePagesIndividualAllocation        = false                                  {pd product} {ergonomic}

Logging:
Log output configuration:
 #0: stdout all=warning uptime,level,tags
 #1: stderr all=off uptime,level,tags

Environment Variables:
PATH=C:\Windows\system32;C:\Windows;C:\Windows\System32\Wbem;C:\Windows\System32\WindowsPowerShell\v1.0\;C:\Windows\System32\OpenSSH\;C:\Program Files\Cloudflare\Cloudflare WARP\;D:\Softwares\Nodejs\;D:\Softwares\Git\cmd;C:\Users\Admin\AppData\Local\Microsoft\WindowsApps;D:\Softwares\Microsoft VS Code\bin;C:\Users\Admin\AppData\Roaming\npm;D:\Softwares\IntelliJ IDEA 2024.3\bin;
USERNAME=Admin
OS=Windows_NT
PROCESSOR_IDENTIFIER=AMD64 Family 23 Model 24 Stepping 1, AuthenticAMD
TMP=C:\Users\Admin\AppData\Local\Temp
TEMP=C:\Users\Admin\AppData\Local\Temp



Periodic native trim disabled

JNI global refs:
JNI global refs: 0, weak refs: 0

JNI global refs memory usage: 0, weak refs: 0

Process memory usage:
Resident Set Size: 38072K (0% of 14617228K total physical memory with 3477648K free physical memory)

OOME stack traces (most recent first):
Classloader memory used:


---------------  S Y S T E M  ---------------

OS:
 Windows 10 , 64 bit Build 19041 (10.0.19041.3155)
OS uptime: 0 days 4:56 hours

CPU: total 8 (initial active 8) (8 cores per cpu, 2 threads per core) family 23 model 24 stepping 1 microcode 0x0, cx8, cmov, fxsr, ht, mmx, 3dnowpref, sse, sse2, sse3, ssse3, sse4a, sse4.1, sse4.2, popcnt, lzcnt, tsc, tscinvbit, avx, avx2, aes, clmul, bmi1, bmi2, adx, sha, fma, vzeroupper, clflush, clflushopt
Processor Information for all 8 processors :
  Max Mhz: 2100, Current Mhz: 2100, Mhz Limit: 2100

Memory: 4k page, system-wide physical 14274M (3396M free)
TotalPageFile size 14274M (AvailPageFile size 187M)
current process WorkingSet (physical memory assigned to process): 37M, peak: 37M
current process commit charge ("private bytes"): 81M, peak: 279M

vm_info: OpenJDK 64-Bit Server VM (17.0.12+1-b1207.37) for windows-amd64 JRE (17.0.12+1-b1207.37), built on 2024-09-25 by "builduser" with MS VC++ 16.10 / 16.11 (VS2019)

END.
