#
# There is insufficient memory for the Java Runtime Environment to continue.
# Native memory allocation (malloc) failed to allocate 1048576 bytes. Error detail: AllocateHeap
# Possible reasons:
#   The system is out of physical RAM or swap space
#   This process is running with CompressedOops enabled, and the Java Heap may be blocking the growth of the native heap
# Possible solutions:
#   Reduce memory load on the system
#   Increase physical memory or swap space
#   Check if swap backing store is full
#   Decrease Java heap size (-Xmx/-Xms)
#   Decrease number of Java threads
#   Decrease Java thread stack sizes (-Xss)
#   Set larger code cache with -XX:ReservedCodeCacheSize=
#   JVM is running with Unscaled Compressed Oops mode in which the Java heap is
#     placed in the first 4GB address space. The Java Heap base address is the
#     maximum limit for the native heap growth. Please use -XX:HeapBaseMinAddress
#     to set the Java Heap base and to place the Java Heap above 4GB virtual address.
# This output file may be truncated or incomplete.
#
#  Out of Memory Error (allocation.cpp:44), pid=10992, tid=8988
#
# JRE version: OpenJDK Runtime Environment JBR-21.0.5+8-631.16-jcef (21.0.5+8) (build 21.0.5+8-b631.16)
# Java VM: OpenJDK 64-Bit Server VM JBR-21.0.5+8-631.16-jcef (21.0.5+8-b631.16, mixed mode, sharing, tiered, compressed oops, compressed class ptrs, g1 gc, windows-amd64)
# No core dump will be written. Minidumps are not enabled by default on client versions of Windows
#

---------------  S U M M A R Y ------------

Command Line: -Djava.rmi.server.hostname=127.0.0.1 -Duser.timezone=UTC -Xmx2048m -Xms128m -Djdbc.classpath=C:\Users\Admin\AppData\Local\Temp\RemoteDriver10.classpath.txt --add-exports=java.desktop/sun.awt=ALL-UNNAMED --add-exports=java.desktop/java.awt.peer=ALL-UNNAMED --add-opens=java.desktop/java.awt=ALL-UNNAMED --add-opens=jdk.unsupported/sun.misc=ALL-UNNAMED --add-opens=java.base/java.nio=ALL-UNNAMED --add-opens=java.base/java.util=ALL-UNNAMED -Dfile.encoding=UTF-8 -Dsun.stdout.encoding=UTF-8 -Dsun.stderr.encoding=UTF-8 com.intellij.database.remote.RemoteJdbcServer com.mysql.cj.jdbc.Driver

Host: AMD Ryzen 5 3550H with Radeon Vega Mobile Gfx  , 8 cores, 13G,  Windows 10 , 64 bit Build 19041 (10.0.19041.3155)
Time: Tue Nov 26 01:29:13 2024 SE Asia Standard Time elapsed time: 3600.009437 seconds (0d 1h 0m 0s)

---------------  T H R E A D  ---------------

Current thread (0x000001dbfc2538c0):  VMThread "VM Thread"          [id=8988, stack(0x0000000722200000,0x0000000722300000) (1024K)]

Stack: [0x0000000722200000,0x0000000722300000]
Native frames: (J=compiled Java code, j=interpreted, Vv=VM code, C=native code)
V  [jvm.dll+0x6e52b9]
V  [jvm.dll+0x8c3633]
V  [jvm.dll+0x8c5b8e]
V  [jvm.dll+0x8c6273]
V  [jvm.dll+0x288f46]
V  [jvm.dll+0xc0e57]
V  [jvm.dll+0x353cb2]
V  [jvm.dll+0x34d64e]
V  [jvm.dll+0x3356d9]
V  [jvm.dll+0x379a24]
V  [jvm.dll+0x8cbff8]
V  [jvm.dll+0x8cd374]
V  [jvm.dll+0x8cd8b0]
V  [jvm.dll+0x8cdb43]
V  [jvm.dll+0x86b248]
V  [jvm.dll+0x6e3abd]
C  [ucrtbase.dll+0x21bb2]
C  [KERNEL32.DLL+0x17614]
C  [ntdll.dll+0x526b1]

VM_Operation (0x00000007232ff380): G1CollectFull, mode: safepoint, requested by thread 0x000001dbfc2786f0


---------------  P R O C E S S  ---------------

Threads class SMR info:
_java_thread_list=0x000001dbfce06580, length=20, elements={
0x000001dbe1d871c0, 0x000001dbfc26f510, 0x000001dbfc272660, 0x000001dbfc2745d0,
0x000001dbfc275020, 0x000001dbfc2763e0, 0x000001dbfc278060, 0x000001dbfc2870e0,
0x000001dbfc288b80, 0x000001dbfc27a7c0, 0x000001dbfc279aa0, 0x000001dbfc278d80,
0x000001dbfc2779d0, 0x000001dbfc27a130, 0x000001dbfc277340, 0x000001dbfc2786f0,
0x000001dbfc279410, 0x000001dbfcdc5510, 0x000001dbfcdbec10, 0x000001dbfcdc0650
}

Java Threads: ( => current thread )
  0x000001dbe1d871c0 JavaThread "main"                              [_thread_blocked, id=8692, stack(0x0000000721b00000,0x0000000721c00000) (1024K)]
  0x000001dbfc26f510 JavaThread "Reference Handler"          daemon [_thread_blocked, id=11628, stack(0x0000000722300000,0x0000000722400000) (1024K)]
  0x000001dbfc272660 JavaThread "Finalizer"                  daemon [_thread_blocked, id=2908, stack(0x0000000722400000,0x0000000722500000) (1024K)]
  0x000001dbfc2745d0 JavaThread "Signal Dispatcher"          daemon [_thread_blocked, id=12224, stack(0x0000000722500000,0x0000000722600000) (1024K)]
  0x000001dbfc275020 JavaThread "Attach Listener"            daemon [_thread_blocked, id=13432, stack(0x0000000722600000,0x0000000722700000) (1024K)]
  0x000001dbfc2763e0 JavaThread "Service Thread"             daemon [_thread_blocked, id=14116, stack(0x0000000722700000,0x0000000722800000) (1024K)]
  0x000001dbfc278060 JavaThread "Monitor Deflation Thread"   daemon [_thread_blocked, id=11132, stack(0x0000000722800000,0x0000000722900000) (1024K)]
  0x000001dbfc2870e0 JavaThread "C2 CompilerThread0"         daemon [_thread_blocked, id=8612, stack(0x0000000722900000,0x0000000722a00000) (1024K)]
  0x000001dbfc288b80 JavaThread "C1 CompilerThread0"         daemon [_thread_blocked, id=8648, stack(0x0000000722a00000,0x0000000722b00000) (1024K)]
  0x000001dbfc27a7c0 JavaThread "Common-Cleaner"             daemon [_thread_blocked, id=13612, stack(0x0000000722b00000,0x0000000722c00000) (1024K)]
  0x000001dbfc279aa0 JavaThread "Notification Thread"        daemon [_thread_blocked, id=13248, stack(0x0000000722c00000,0x0000000722d00000) (1024K)]
  0x000001dbfc278d80 JavaThread "mysql-cj-abandoned-connection-cleanup" daemon [_thread_blocked, id=12184, stack(0x0000000722e00000,0x0000000722f00000) (1024K)]
  0x000001dbfc2779d0 JavaThread "RMI TCP Accept-49964"       daemon [_thread_in_native, id=6440, stack(0x0000000722f00000,0x0000000723000000) (1024K)]
  0x000001dbfc27a130 JavaThread "RMI TCP Accept-0"           daemon [_thread_in_native, id=9556, stack(0x0000000723000000,0x0000000723100000) (1024K)]
  0x000001dbfc277340 JavaThread "RMI Reaper"                        [_thread_blocked, id=11764, stack(0x0000000723100000,0x0000000723200000) (1024K)]
  0x000001dbfc2786f0 JavaThread "RMI GC Daemon"              daemon [_thread_blocked, id=1216, stack(0x0000000723200000,0x0000000723300000) (1024K)]
  0x000001dbfc279410 JavaThread "RMI TCP Connection(1)-127.0.0.1" daemon [_thread_in_native, id=11796, stack(0x0000000723300000,0x0000000723400000) (1024K)]
  0x000001dbfcdc5510 JavaThread "RMI TCP Connection(3)-127.0.0.1" daemon [_thread_in_native, id=1876, stack(0x0000000723500000,0x0000000723600000) (1024K)]
  0x000001dbfcdbec10 JavaThread "RMI Scheduler(0)"           daemon [_thread_blocked, id=12700, stack(0x0000000723700000,0x0000000723800000) (1024K)]
  0x000001dbfcdc0650 JavaThread "RMI RenewClean-[127.0.0.1:57297]" daemon [_thread_blocked, id=6052, stack(0x0000000723800000,0x0000000723900000) (1024K)]
Total: 20

Other Threads:
=>0x000001dbfc2538c0 VMThread "VM Thread"                           [id=8988, stack(0x0000000722200000,0x0000000722300000) (1024K)]
  0x000001dbfc242540 WatcherThread "VM Periodic Task Thread"        [id=780, stack(0x0000000722100000,0x0000000722200000) (1024K)]
  0x000001dbe1de00f0 WorkerThread "GC Thread#0"                     [id=10340, stack(0x0000000721c00000,0x0000000721d00000) (1024K)]
  0x000001dbfcd8ffc0 WorkerThread "GC Thread#1"                     [id=8560, stack(0x0000000723900000,0x0000000723a00000) (1024K)]
  0x000001dbfce49f40 WorkerThread "GC Thread#2"                     [id=13236, stack(0x0000000723a00000,0x0000000723b00000) (1024K)]
  0x000001dbfce4fbc0 WorkerThread "GC Thread#3"                     [id=13040, stack(0x0000000723b00000,0x0000000723c00000) (1024K)]
  0x000001dbfce9a220 WorkerThread "GC Thread#4"                     [id=10708, stack(0x0000000723c00000,0x0000000723d00000) (1024K)]
  0x000001dbfcc0af80 WorkerThread "GC Thread#5"                     [id=9128, stack(0x0000000723d00000,0x0000000723e00000) (1024K)]
  0x000001dbfceb1af0 WorkerThread "GC Thread#6"                     [id=9252, stack(0x0000000723e00000,0x0000000723f00000) (1024K)]
  0x000001dbfceb22a0 WorkerThread "GC Thread#7"                     [id=10732, stack(0x0000000723f00000,0x0000000724000000) (1024K)]
  0x000001dbe1df1190 ConcurrentGCThread "G1 Main Marker"            [id=7532, stack(0x0000000721d00000,0x0000000721e00000) (1024K)]
  0x000001dbe1df1ba0 WorkerThread "G1 Conc#0"                       [id=10520, stack(0x0000000721e00000,0x0000000721f00000) (1024K)]
  0x000001dbfc104990 ConcurrentGCThread "G1 Refine#0"               [id=13276, stack(0x0000000721f00000,0x0000000722000000) (1024K)]
  0x000001dbfc105310 ConcurrentGCThread "G1 Service"                [id=5308, stack(0x0000000722000000,0x0000000722100000) (1024K)]
Total: 14

Threads with active compile tasks:
Total: 0

VM state: at safepoint (normal execution)

VM Mutex/Monitor currently owned by a thread:  ([mutex/lock_event])
[0x00007fff4481ea30] Threads_lock - owner thread: 0x000001dbfc2538c0
[0x00007fff4481eb30] Heap_lock - owner thread: 0x000001dbfc2786f0

Heap address: 0x0000000080000000, size: 2048 MB, Compressed Oops mode: 32-bit

CDS archive(s) mapped at: [0x000001db80000000-0x000001db80d00000-0x000001db80d00000), size 13631488, SharedBaseAddress: 0x000001db80000000, ArchiveRelocationMode: 1.
Compressed class space mapped at: 0x000001db81000000-0x000001dbc1000000, reserved size: 1073741824
Narrow klass base: 0x000001db80000000, Narrow klass shift: 0, Narrow klass range: 0x100000000

GC Precious Log:
 CardTable entry size: 512
 Card Set container configuration: InlinePtr #cards 5 size 8 Array Of Cards #cards 12 size 40 Howl #buckets 4 coarsen threshold 1843 Howl Bitmap #cards 512 size 80 coarsen threshold 460 Card regions per heap region 1 cards per card region 2048
 CPUs: 8 total, 8 available
 Memory: 14274M
 Large Page Support: Disabled
 NUMA Support: Disabled
 Compressed Oops: Enabled (32-bit)
 Heap Region Size: 1M
 Heap Min Capacity: 128M
 Heap Initial Capacity: 128M
 Heap Max Capacity: 2G
 Pre-touch: Disabled
 Parallel Workers: 8
 Concurrent Workers: 2
 Concurrent Refinement Workers: 8
 Periodic GC: Disabled

Heap:
 garbage-first heap   total 131072K, used 29452K [0x0000000080000000, 0x0000000100000000)
  region size 1024K, 21 young (21504K), 4 survivors (4096K)
 Metaspace       used 18455K, committed 18944K, reserved 1114112K
  class space    used 2063K, committed 2304K, reserved 1048576K

Heap Regions: E=young(eden), S=young(survivor), O=old, HS=humongous(starts), HC=humongous(continues), CS=collection set, F=free, TAMS=top-at-mark-start, PB=parsable bottom
|   0|0x0000000080000000, 0x0000000080100000, 0x0000000080100000|100%|HS|  |TAMS 0x0000000080000000| PB 0x0000000080000000| Complete 
|   1|0x0000000080100000, 0x0000000080200000, 0x0000000080200000|100%|HC|  |TAMS 0x0000000080100000| PB 0x0000000080100000| Complete 
|   2|0x0000000080200000, 0x0000000080300000, 0x0000000080300000|100%|HS|  |TAMS 0x0000000080200000| PB 0x0000000080200000| Complete 
|   3|0x0000000080300000, 0x0000000080400000, 0x0000000080400000|100%|HS|  |TAMS 0x0000000080300000| PB 0x0000000080300000| Complete 
|   4|0x0000000080400000, 0x0000000080500000, 0x0000000080500000|100%| O|  |TAMS 0x0000000080400000| PB 0x0000000080400000| Untracked 
|   5|0x0000000080500000, 0x0000000080600000, 0x0000000080600000|100%| O|  |TAMS 0x0000000080500000| PB 0x0000000080500000| Untracked 
|   6|0x0000000080600000, 0x0000000080700000, 0x0000000080700000|100%| O|  |TAMS 0x0000000080600000| PB 0x0000000080600000| Untracked 
|   7|0x0000000080700000, 0x0000000080800000, 0x0000000080800000|100%| O|  |TAMS 0x0000000080700000| PB 0x0000000080700000| Untracked 
|   8|0x0000000080800000, 0x0000000080900000, 0x0000000080900000|100%| O|  |TAMS 0x0000000080800000| PB 0x0000000080800000| Untracked 
|   9|0x0000000080900000, 0x0000000080900000, 0x0000000080a00000|  0%| F|  |TAMS 0x0000000080900000| PB 0x0000000080900000| Untracked 
|  10|0x0000000080a00000, 0x0000000080a00000, 0x0000000080b00000|  0%| F|  |TAMS 0x0000000080a00000| PB 0x0000000080a00000| Untracked 
|  11|0x0000000080b00000, 0x0000000080b00000, 0x0000000080c00000|  0%| F|  |TAMS 0x0000000080b00000| PB 0x0000000080b00000| Untracked 
|  12|0x0000000080c00000, 0x0000000080c00000, 0x0000000080d00000|  0%| F|  |TAMS 0x0000000080c00000| PB 0x0000000080c00000| Untracked 
|  13|0x0000000080d00000, 0x0000000080d00000, 0x0000000080e00000|  0%| F|  |TAMS 0x0000000080d00000| PB 0x0000000080d00000| Untracked 
|  14|0x0000000080e00000, 0x0000000080e00000, 0x0000000080f00000|  0%| F|  |TAMS 0x0000000080e00000| PB 0x0000000080e00000| Untracked 
|  15|0x0000000080f00000, 0x0000000080f00000, 0x0000000081000000|  0%| F|  |TAMS 0x0000000080f00000| PB 0x0000000080f00000| Untracked 
|  16|0x0000000081000000, 0x0000000081000000, 0x0000000081100000|  0%| F|  |TAMS 0x0000000081000000| PB 0x0000000081000000| Untracked 
|  17|0x0000000081100000, 0x0000000081100000, 0x0000000081200000|  0%| F|  |TAMS 0x0000000081100000| PB 0x0000000081100000| Untracked 
|  18|0x0000000081200000, 0x0000000081200000, 0x0000000081300000|  0%| F|  |TAMS 0x0000000081200000| PB 0x0000000081200000| Untracked 
|  19|0x0000000081300000, 0x0000000081300000, 0x0000000081400000|  0%| F|  |TAMS 0x0000000081300000| PB 0x0000000081300000| Untracked 
|  20|0x0000000081400000, 0x0000000081400000, 0x0000000081500000|  0%| F|  |TAMS 0x0000000081400000| PB 0x0000000081400000| Untracked 
|  21|0x0000000081500000, 0x0000000081500000, 0x0000000081600000|  0%| F|  |TAMS 0x0000000081500000| PB 0x0000000081500000| Untracked 
|  22|0x0000000081600000, 0x0000000081600000, 0x0000000081700000|  0%| F|  |TAMS 0x0000000081600000| PB 0x0000000081600000| Untracked 
|  23|0x0000000081700000, 0x0000000081700000, 0x0000000081800000|  0%| F|  |TAMS 0x0000000081700000| PB 0x0000000081700000| Untracked 
|  24|0x0000000081800000, 0x0000000081800000, 0x0000000081900000|  0%| F|  |TAMS 0x0000000081800000| PB 0x0000000081800000| Untracked 
|  25|0x0000000081900000, 0x0000000081900000, 0x0000000081a00000|  0%| F|  |TAMS 0x0000000081900000| PB 0x0000000081900000| Untracked 
|  26|0x0000000081a00000, 0x0000000081a00000, 0x0000000081b00000|  0%| F|  |TAMS 0x0000000081a00000| PB 0x0000000081a00000| Untracked 
|  27|0x0000000081b00000, 0x0000000081b00000, 0x0000000081c00000|  0%| F|  |TAMS 0x0000000081b00000| PB 0x0000000081b00000| Untracked 
|  28|0x0000000081c00000, 0x0000000081c00000, 0x0000000081d00000|  0%| F|  |TAMS 0x0000000081c00000| PB 0x0000000081c00000| Untracked 
|  29|0x0000000081d00000, 0x0000000081d00000, 0x0000000081e00000|  0%| F|  |TAMS 0x0000000081d00000| PB 0x0000000081d00000| Untracked 
|  30|0x0000000081e00000, 0x0000000081e00000, 0x0000000081f00000|  0%| F|  |TAMS 0x0000000081e00000| PB 0x0000000081e00000| Untracked 
|  31|0x0000000081f00000, 0x0000000081f00000, 0x0000000082000000|  0%| F|  |TAMS 0x0000000081f00000| PB 0x0000000081f00000| Untracked 
|  32|0x0000000082000000, 0x0000000082000000, 0x0000000082100000|  0%| F|  |TAMS 0x0000000082000000| PB 0x0000000082000000| Untracked 
|  33|0x0000000082100000, 0x0000000082100000, 0x0000000082200000|  0%| F|  |TAMS 0x0000000082100000| PB 0x0000000082100000| Untracked 
|  34|0x0000000082200000, 0x0000000082200000, 0x0000000082300000|  0%| F|  |TAMS 0x0000000082200000| PB 0x0000000082200000| Untracked 
|  35|0x0000000082300000, 0x0000000082300000, 0x0000000082400000|  0%| F|  |TAMS 0x0000000082300000| PB 0x0000000082300000| Untracked 
|  36|0x0000000082400000, 0x0000000082400000, 0x0000000082500000|  0%| F|  |TAMS 0x0000000082400000| PB 0x0000000082400000| Untracked 
|  37|0x0000000082500000, 0x0000000082500000, 0x0000000082600000|  0%| F|  |TAMS 0x0000000082500000| PB 0x0000000082500000| Untracked 
|  38|0x0000000082600000, 0x0000000082600000, 0x0000000082700000|  0%| F|  |TAMS 0x0000000082600000| PB 0x0000000082600000| Untracked 
|  39|0x0000000082700000, 0x0000000082700000, 0x0000000082800000|  0%| F|  |TAMS 0x0000000082700000| PB 0x0000000082700000| Untracked 
|  40|0x0000000082800000, 0x0000000082800000, 0x0000000082900000|  0%| F|  |TAMS 0x0000000082800000| PB 0x0000000082800000| Untracked 
|  41|0x0000000082900000, 0x0000000082900000, 0x0000000082a00000|  0%| F|  |TAMS 0x0000000082900000| PB 0x0000000082900000| Untracked 
|  42|0x0000000082a00000, 0x0000000082a00000, 0x0000000082b00000|  0%| F|  |TAMS 0x0000000082a00000| PB 0x0000000082a00000| Untracked 
|  43|0x0000000082b00000, 0x0000000082b00000, 0x0000000082c00000|  0%| F|  |TAMS 0x0000000082b00000| PB 0x0000000082b00000| Untracked 
|  44|0x0000000082c00000, 0x0000000082c00000, 0x0000000082d00000|  0%| F|  |TAMS 0x0000000082c00000| PB 0x0000000082c00000| Untracked 
|  45|0x0000000082d00000, 0x0000000082d00000, 0x0000000082e00000|  0%| F|  |TAMS 0x0000000082d00000| PB 0x0000000082d00000| Untracked 
|  46|0x0000000082e00000, 0x0000000082e00000, 0x0000000082f00000|  0%| F|  |TAMS 0x0000000082e00000| PB 0x0000000082e00000| Untracked 
|  47|0x0000000082f00000, 0x0000000082f00000, 0x0000000083000000|  0%| F|  |TAMS 0x0000000082f00000| PB 0x0000000082f00000| Untracked 
|  48|0x0000000083000000, 0x0000000083000000, 0x0000000083100000|  0%| F|  |TAMS 0x0000000083000000| PB 0x0000000083000000| Untracked 
|  49|0x0000000083100000, 0x0000000083100000, 0x0000000083200000|  0%| F|  |TAMS 0x0000000083100000| PB 0x0000000083100000| Untracked 
|  50|0x0000000083200000, 0x0000000083200000, 0x0000000083300000|  0%| F|  |TAMS 0x0000000083200000| PB 0x0000000083200000| Untracked 
|  51|0x0000000083300000, 0x0000000083300000, 0x0000000083400000|  0%| F|  |TAMS 0x0000000083300000| PB 0x0000000083300000| Untracked 
|  52|0x0000000083400000, 0x0000000083400000, 0x0000000083500000|  0%| F|  |TAMS 0x0000000083400000| PB 0x0000000083400000| Untracked 
|  53|0x0000000083500000, 0x0000000083500000, 0x0000000083600000|  0%| F|  |TAMS 0x0000000083500000| PB 0x0000000083500000| Untracked 
|  54|0x0000000083600000, 0x0000000083600000, 0x0000000083700000|  0%| F|  |TAMS 0x0000000083600000| PB 0x0000000083600000| Untracked 
|  55|0x0000000083700000, 0x0000000083700000, 0x0000000083800000|  0%| F|  |TAMS 0x0000000083700000| PB 0x0000000083700000| Untracked 
|  56|0x0000000083800000, 0x0000000083800000, 0x0000000083900000|  0%| F|  |TAMS 0x0000000083800000| PB 0x0000000083800000| Untracked 
|  57|0x0000000083900000, 0x0000000083900000, 0x0000000083a00000|  0%| F|  |TAMS 0x0000000083900000| PB 0x0000000083900000| Untracked 
|  58|0x0000000083a00000, 0x0000000083a00000, 0x0000000083b00000|  0%| F|  |TAMS 0x0000000083a00000| PB 0x0000000083a00000| Untracked 
|  59|0x0000000083b00000, 0x0000000083b00000, 0x0000000083c00000|  0%| F|  |TAMS 0x0000000083b00000| PB 0x0000000083b00000| Untracked 
|  60|0x0000000083c00000, 0x0000000083c00000, 0x0000000083d00000|  0%| F|  |TAMS 0x0000000083c00000| PB 0x0000000083c00000| Untracked 
|  61|0x0000000083d00000, 0x0000000083d00000, 0x0000000083e00000|  0%| F|  |TAMS 0x0000000083d00000| PB 0x0000000083d00000| Untracked 
|  62|0x0000000083e00000, 0x0000000083e00000, 0x0000000083f00000|  0%| F|  |TAMS 0x0000000083e00000| PB 0x0000000083e00000| Untracked 
|  63|0x0000000083f00000, 0x0000000083f00000, 0x0000000084000000|  0%| F|  |TAMS 0x0000000083f00000| PB 0x0000000083f00000| Untracked 
|  64|0x0000000084000000, 0x0000000084000000, 0x0000000084100000|  0%| F|  |TAMS 0x0000000084000000| PB 0x0000000084000000| Untracked 
|  65|0x0000000084100000, 0x0000000084100000, 0x0000000084200000|  0%| F|  |TAMS 0x0000000084100000| PB 0x0000000084100000| Untracked 
|  66|0x0000000084200000, 0x0000000084200000, 0x0000000084300000|  0%| F|  |TAMS 0x0000000084200000| PB 0x0000000084200000| Untracked 
|  67|0x0000000084300000, 0x0000000084300000, 0x0000000084400000|  0%| F|  |TAMS 0x0000000084300000| PB 0x0000000084300000| Untracked 
|  68|0x0000000084400000, 0x0000000084400000, 0x0000000084500000|  0%| F|  |TAMS 0x0000000084400000| PB 0x0000000084400000| Untracked 
|  69|0x0000000084500000, 0x0000000084500000, 0x0000000084600000|  0%| F|  |TAMS 0x0000000084500000| PB 0x0000000084500000| Untracked 
|  70|0x0000000084600000, 0x0000000084600000, 0x0000000084700000|  0%| F|  |TAMS 0x0000000084600000| PB 0x0000000084600000| Untracked 
|  71|0x0000000084700000, 0x0000000084700000, 0x0000000084800000|  0%| F|  |TAMS 0x0000000084700000| PB 0x0000000084700000| Untracked 
|  72|0x0000000084800000, 0x0000000084800000, 0x0000000084900000|  0%| F|  |TAMS 0x0000000084800000| PB 0x0000000084800000| Untracked 
|  73|0x0000000084900000, 0x0000000084900000, 0x0000000084a00000|  0%| F|  |TAMS 0x0000000084900000| PB 0x0000000084900000| Untracked 
|  74|0x0000000084a00000, 0x0000000084a00000, 0x0000000084b00000|  0%| F|  |TAMS 0x0000000084a00000| PB 0x0000000084a00000| Untracked 
|  75|0x0000000084b00000, 0x0000000084b00000, 0x0000000084c00000|  0%| F|  |TAMS 0x0000000084b00000| PB 0x0000000084b00000| Untracked 
|  76|0x0000000084c00000, 0x0000000084c00000, 0x0000000084d00000|  0%| F|  |TAMS 0x0000000084c00000| PB 0x0000000084c00000| Untracked 
|  77|0x0000000084d00000, 0x0000000084d00000, 0x0000000084e00000|  0%| F|  |TAMS 0x0000000084d00000| PB 0x0000000084d00000| Untracked 
|  78|0x0000000084e00000, 0x0000000084e00000, 0x0000000084f00000|  0%| F|  |TAMS 0x0000000084e00000| PB 0x0000000084e00000| Untracked 
|  79|0x0000000084f00000, 0x0000000084f00000, 0x0000000085000000|  0%| F|  |TAMS 0x0000000084f00000| PB 0x0000000084f00000| Untracked 
|  80|0x0000000085000000, 0x0000000085000000, 0x0000000085100000|  0%| F|  |TAMS 0x0000000085000000| PB 0x0000000085000000| Untracked 
|  81|0x0000000085100000, 0x0000000085100000, 0x0000000085200000|  0%| F|  |TAMS 0x0000000085100000| PB 0x0000000085100000| Untracked 
|  82|0x0000000085200000, 0x0000000085200000, 0x0000000085300000|  0%| F|  |TAMS 0x0000000085200000| PB 0x0000000085200000| Untracked 
|  83|0x0000000085300000, 0x0000000085300000, 0x0000000085400000|  0%| F|  |TAMS 0x0000000085300000| PB 0x0000000085300000| Untracked 
|  84|0x0000000085400000, 0x0000000085400000, 0x0000000085500000|  0%| F|  |TAMS 0x0000000085400000| PB 0x0000000085400000| Untracked 
|  85|0x0000000085500000, 0x0000000085500000, 0x0000000085600000|  0%| F|  |TAMS 0x0000000085500000| PB 0x0000000085500000| Untracked 
|  86|0x0000000085600000, 0x0000000085600000, 0x0000000085700000|  0%| F|  |TAMS 0x0000000085600000| PB 0x0000000085600000| Untracked 
|  87|0x0000000085700000, 0x0000000085700000, 0x0000000085800000|  0%| F|  |TAMS 0x0000000085700000| PB 0x0000000085700000| Untracked 
|  88|0x0000000085800000, 0x0000000085800000, 0x0000000085900000|  0%| F|  |TAMS 0x0000000085800000| PB 0x0000000085800000| Untracked 
|  89|0x0000000085900000, 0x0000000085900000, 0x0000000085a00000|  0%| F|  |TAMS 0x0000000085900000| PB 0x0000000085900000| Untracked 
|  90|0x0000000085a00000, 0x0000000085a00000, 0x0000000085b00000|  0%| F|  |TAMS 0x0000000085a00000| PB 0x0000000085a00000| Untracked 
|  91|0x0000000085b00000, 0x0000000085b00000, 0x0000000085c00000|  0%| F|  |TAMS 0x0000000085b00000| PB 0x0000000085b00000| Untracked 
|  92|0x0000000085c00000, 0x0000000085c00000, 0x0000000085d00000|  0%| F|  |TAMS 0x0000000085c00000| PB 0x0000000085c00000| Untracked 
|  93|0x0000000085d00000, 0x0000000085dc3120, 0x0000000085e00000| 76%| S|CS|TAMS 0x0000000085d00000| PB 0x0000000085d00000| Complete 
|  94|0x0000000085e00000, 0x0000000085f00000, 0x0000000085f00000|100%| S|CS|TAMS 0x0000000085e00000| PB 0x0000000085e00000| Complete 
|  95|0x0000000085f00000, 0x0000000086000000, 0x0000000086000000|100%| S|CS|TAMS 0x0000000085f00000| PB 0x0000000085f00000| Complete 
|  96|0x0000000086000000, 0x0000000086100000, 0x0000000086100000|100%| S|CS|TAMS 0x0000000086000000| PB 0x0000000086000000| Complete 
|  97|0x0000000086100000, 0x0000000086100000, 0x0000000086200000|  0%| F|  |TAMS 0x0000000086100000| PB 0x0000000086100000| Untracked 
|  98|0x0000000086200000, 0x0000000086200000, 0x0000000086300000|  0%| F|  |TAMS 0x0000000086200000| PB 0x0000000086200000| Untracked 
|  99|0x0000000086300000, 0x0000000086300000, 0x0000000086400000|  0%| F|  |TAMS 0x0000000086300000| PB 0x0000000086300000| Untracked 
| 100|0x0000000086400000, 0x0000000086400000, 0x0000000086500000|  0%| F|  |TAMS 0x0000000086400000| PB 0x0000000086400000| Untracked 
| 101|0x0000000086500000, 0x0000000086500000, 0x0000000086600000|  0%| F|  |TAMS 0x0000000086500000| PB 0x0000000086500000| Untracked 
| 102|0x0000000086600000, 0x0000000086600000, 0x0000000086700000|  0%| F|  |TAMS 0x0000000086600000| PB 0x0000000086600000| Untracked 
| 103|0x0000000086700000, 0x0000000086700000, 0x0000000086800000|  0%| F|  |TAMS 0x0000000086700000| PB 0x0000000086700000| Untracked 
| 104|0x0000000086800000, 0x0000000086800000, 0x0000000086900000|  0%| F|  |TAMS 0x0000000086800000| PB 0x0000000086800000| Untracked 
| 105|0x0000000086900000, 0x0000000086900000, 0x0000000086a00000|  0%| F|  |TAMS 0x0000000086900000| PB 0x0000000086900000| Untracked 
| 106|0x0000000086a00000, 0x0000000086a00000, 0x0000000086b00000|  0%| F|  |TAMS 0x0000000086a00000| PB 0x0000000086a00000| Untracked 
| 107|0x0000000086b00000, 0x0000000086b00000, 0x0000000086c00000|  0%| F|  |TAMS 0x0000000086b00000| PB 0x0000000086b00000| Untracked 
| 108|0x0000000086c00000, 0x0000000086c00000, 0x0000000086d00000|  0%| F|  |TAMS 0x0000000086c00000| PB 0x0000000086c00000| Untracked 
| 109|0x0000000086d00000, 0x0000000086d00000, 0x0000000086e00000|  0%| F|  |TAMS 0x0000000086d00000| PB 0x0000000086d00000| Untracked 
| 110|0x0000000086e00000, 0x0000000086e00000, 0x0000000086f00000|  0%| F|  |TAMS 0x0000000086e00000| PB 0x0000000086e00000| Untracked 
| 111|0x0000000086f00000, 0x0000000086ff0ff8, 0x0000000087000000| 94%| E|  |TAMS 0x0000000086f00000| PB 0x0000000086f00000| Complete 
| 112|0x0000000087000000, 0x0000000087100000, 0x0000000087100000|100%| E|CS|TAMS 0x0000000087000000| PB 0x0000000087000000| Complete 
| 113|0x0000000087100000, 0x0000000087200000, 0x0000000087200000|100%| E|CS|TAMS 0x0000000087100000| PB 0x0000000087100000| Complete 
| 114|0x0000000087200000, 0x0000000087300000, 0x0000000087300000|100%| E|CS|TAMS 0x0000000087200000| PB 0x0000000087200000| Complete 
| 115|0x0000000087300000, 0x0000000087400000, 0x0000000087400000|100%| E|CS|TAMS 0x0000000087300000| PB 0x0000000087300000| Complete 
| 116|0x0000000087400000, 0x0000000087500000, 0x0000000087500000|100%| E|CS|TAMS 0x0000000087400000| PB 0x0000000087400000| Complete 
| 117|0x0000000087500000, 0x0000000087600000, 0x0000000087600000|100%| E|CS|TAMS 0x0000000087500000| PB 0x0000000087500000| Complete 
| 118|0x0000000087600000, 0x0000000087700000, 0x0000000087700000|100%| E|CS|TAMS 0x0000000087600000| PB 0x0000000087600000| Complete 
| 119|0x0000000087700000, 0x0000000087800000, 0x0000000087800000|100%| E|CS|TAMS 0x0000000087700000| PB 0x0000000087700000| Complete 
| 120|0x0000000087800000, 0x0000000087900000, 0x0000000087900000|100%| E|CS|TAMS 0x0000000087800000| PB 0x0000000087800000| Complete 
| 121|0x0000000087900000, 0x0000000087a00000, 0x0000000087a00000|100%| E|CS|TAMS 0x0000000087900000| PB 0x0000000087900000| Complete 
| 122|0x0000000087a00000, 0x0000000087b00000, 0x0000000087b00000|100%| E|CS|TAMS 0x0000000087a00000| PB 0x0000000087a00000| Complete 
| 123|0x0000000087b00000, 0x0000000087c00000, 0x0000000087c00000|100%| E|CS|TAMS 0x0000000087b00000| PB 0x0000000087b00000| Complete 
| 124|0x0000000087c00000, 0x0000000087d00000, 0x0000000087d00000|100%| E|CS|TAMS 0x0000000087c00000| PB 0x0000000087c00000| Complete 
| 125|0x0000000087d00000, 0x0000000087e00000, 0x0000000087e00000|100%| E|CS|TAMS 0x0000000087d00000| PB 0x0000000087d00000| Complete 
| 126|0x0000000087e00000, 0x0000000087f00000, 0x0000000087f00000|100%| E|CS|TAMS 0x0000000087e00000| PB 0x0000000087e00000| Complete 
| 127|0x0000000087f00000, 0x0000000088000000, 0x0000000088000000|100%| E|CS|TAMS 0x0000000087f00000| PB 0x0000000087f00000| Complete 

Card table byte_map: [0x000001dbf73a0000,0x000001dbf77a0000] _byte_map_base: 0x000001dbf6fa0000

Marking Bits: (CMBitMap*) 0x000001dbe1de0700
 Bits: [0x000001dbf77a0000, 0x000001dbf97a0000)

Polling page: 0x000001dbe1c20000

Metaspace:

Usage:
  Non-class:     16.01 MB used.
      Class:      2.01 MB used.
       Both:     18.02 MB used.

Virtual space:
  Non-class space:       64.00 MB reserved,      16.25 MB ( 25%) committed,  1 nodes.
      Class space:        1.00 GB reserved,       2.25 MB ( <1%) committed,  1 nodes.
             Both:        1.06 GB reserved,      18.50 MB (  2%) committed. 

Chunk freelists:
   Non-Class:  15.54 MB
       Class:  13.80 MB
        Both:  29.34 MB

MaxMetaspaceSize: unlimited
CompressedClassSpaceSize: 1.00 GB
Initial GC threshold: 21.00 MB
Current GC threshold: 21.00 MB
CDS: on
 - commit_granule_bytes: 65536.
 - commit_granule_words: 8192.
 - virtual_space_node_default_size: 8388608.
 - enlarge_chunks_in_place: 1.
 - use_allocation_guard: 0.


Internal statistics:

num_allocs_failed_limit: 0.
num_arena_births: 604.
num_arena_deaths: 0.
num_vsnodes_births: 2.
num_vsnodes_deaths: 0.
num_space_committed: 296.
num_space_uncommitted: 0.
num_chunks_returned_to_freelist: 0.
num_chunks_taken_from_freelist: 1142.
num_chunk_merges: 0.
num_chunk_splits: 682.
num_chunks_enlarged: 294.
num_inconsistent_stats: 0.

CodeHeap 'non-profiled nmethods': size=120000Kb used=1637Kb max_used=1637Kb free=118362Kb
 bounds [0x000001dbef010000, 0x000001dbef280000, 0x000001dbf6540000]
CodeHeap 'profiled nmethods': size=120000Kb used=6793Kb max_used=6793Kb free=113206Kb
 bounds [0x000001dbe7540000, 0x000001dbe7bf0000, 0x000001dbeea70000]
CodeHeap 'non-nmethods': size=5760Kb used=1519Kb max_used=1571Kb free=4240Kb
 bounds [0x000001dbeea70000, 0x000001dbeece0000, 0x000001dbef010000]
 total_blobs=3960 nmethods=3374 adapters=490
 compilation: enabled
              stopped_count=0, restarted_count=0
 full_count=0

Compilation events (20 events):
Event: 2448.972 Thread 0x000001dbfc2870e0 3365       4       java.io.ObjectOutputStream::writeUTF (9 bytes)
Event: 2448.991 Thread 0x000001dbfc2870e0 nmethod 3365 0x000001dbef1a4f90 code [0x000001dbef1a51c0, 0x000001dbef1a6208]
Event: 2980.067 Thread 0x000001dbfc2870e0 3367       4       java.io.DataOutputStream::<init> (19 bytes)
Event: 2980.070 Thread 0x000001dbfc2870e0 nmethod 3367 0x000001dbef1a7110 code [0x000001dbef1a72c0, 0x000001dbef1a7730]
Event: 3000.547 Thread 0x000001dbfc2870e0 3368       4       java.lang.Character::toLowerCase (6 bytes)
Event: 3000.549 Thread 0x000001dbfc2870e0 nmethod 3368 0x000001dbef1a7890 code [0x000001dbef1a7a20, 0x000001dbef1a7ae8]
Event: 3172.048 Thread 0x000001dbfc2870e0 3369       4       jdk.internal.misc.Unsafe::putIntOpaque (9 bytes)
Event: 3172.049 Thread 0x000001dbfc2870e0 nmethod 3369 0x000001dbef1a7b90 code [0x000001dbef1a7d20, 0x000001dbef1a7db8]
Event: 3300.551 Thread 0x000001dbfc2870e0 3370       4       java.lang.Class::getComponentType (14 bytes)
Event: 3300.552 Thread 0x000001dbfc2870e0 nmethod 3370 0x000001dbef1a7e90 code [0x000001dbef1a8020, 0x000001dbef1a80d0]
Event: 3330.293 Thread 0x000001dbfc288b80 3371       3       java.util.HashSet::remove (20 bytes)
Event: 3330.294 Thread 0x000001dbfc288b80 nmethod 3371 0x000001dbe7be0f10 code [0x000001dbe7be10c0, 0x000001dbe7be12e8]
Event: 3394.142 Thread 0x000001dbfc2870e0 3372       4       sun.rmi.transport.tcp.TCPConnection::getOutputStream (30 bytes)
Event: 3394.149 Thread 0x000001dbfc2870e0 nmethod 3372 0x000001dbef1a8190 code [0x000001dbef1a8380, 0x000001dbef1a8ba0]
Event: 3448.150 Thread 0x000001dbfc288b80 3373       3       java.lang.invoke.LambdaForm$MH/0x000001db81232000::invoke (60 bytes)
Event: 3448.150 Thread 0x000001dbfc288b80 nmethod 3373 0x000001dbe7be1390 code [0x000001dbe7be1620, 0x000001dbe7be2258]
Event: 3555.808 Thread 0x000001dbfc2870e0 3374       4       java.util.concurrent.locks.AbstractQueuedSynchronizer$Node::setStatusRelaxed (12 bytes)
Event: 3555.808 Thread 0x000001dbfc2870e0 nmethod 3374 0x000001dbef1a8e90 code [0x000001dbef1a9020, 0x000001dbef1a90b0]
Event: 3592.174 Thread 0x000001dbfc2870e0 3375   !   4       java.io.ObjectOutputStream::writeObject (38 bytes)
Event: 3592.176 Thread 0x000001dbfc2870e0 nmethod 3375 0x000001dbef1a9190 code [0x000001dbef1a9340, 0x000001dbef1a9488]

GC Heap History (5 events):
Event: 0.649 GC heap before
{Heap before GC invocations=0 (full 0):
 garbage-first heap   total 131072K, used 26624K [0x0000000080000000, 0x0000000100000000)
  region size 1024K, 23 young (23552K), 0 survivors (0K)
 Metaspace       used 8037K, committed 8384K, reserved 1114112K
  class space    used 1012K, committed 1152K, reserved 1048576K
}
Event: 0.657 GC heap after
{Heap after GC invocations=1 (full 0):
 garbage-first heap   total 131072K, used 9152K [0x0000000080000000, 0x0000000100000000)
  region size 1024K, 3 young (3072K), 3 survivors (3072K)
 Metaspace       used 8037K, committed 8384K, reserved 1114112K
  class space    used 1012K, committed 1152K, reserved 1048576K
}
Event: 1.630 GC heap before
{Heap before GC invocations=1 (full 0):
 garbage-first heap   total 131072K, used 36800K [0x0000000080000000, 0x0000000100000000)
  region size 1024K, 31 young (31744K), 3 survivors (3072K)
 Metaspace       used 18044K, committed 18496K, reserved 1114112K
  class space    used 2054K, committed 2304K, reserved 1048576K
}
Event: 1.636 GC heap after
{Heap after GC invocations=2 (full 0):
 garbage-first heap   total 131072K, used 13068K [0x0000000080000000, 0x0000000100000000)
  region size 1024K, 4 young (4096K), 4 survivors (4096K)
 Metaspace       used 18044K, committed 18496K, reserved 1114112K
  class space    used 2054K, committed 2304K, reserved 1048576K
}
Event: 3600.007 GC heap before
{Heap before GC invocations=2 (full 0):
 garbage-first heap   total 131072K, used 29452K [0x0000000080000000, 0x0000000100000000)
  region size 1024K, 21 young (21504K), 4 survivors (4096K)
 Metaspace       used 18455K, committed 18944K, reserved 1114112K
  class space    used 2063K, committed 2304K, reserved 1048576K
}

Dll operation events (2 events):
Event: 0.005 Loaded shared library D:\Softwares\IntelliJ IDEA 2024.3\jbr\bin\java.dll
Event: 0.031 Loaded shared library D:\Softwares\IntelliJ IDEA 2024.3\jbr\bin\zip.dll

Deoptimization events (20 events):
Event: 59.803 Thread 0x000001dbfcdc5510 DEOPT PACKING pc=0x000001dbe7aecfb7 sp=0x00000007235fe220
Event: 59.803 Thread 0x000001dbfcdc5510 DEOPT UNPACKING pc=0x000001dbeeac4e42 sp=0x00000007235fd698 mode 0
Event: 59.832 Thread 0x000001dbfcdc5510 DEOPT PACKING pc=0x000001dbe7aecfb7 sp=0x00000007235fe180
Event: 59.832 Thread 0x000001dbfcdc5510 DEOPT UNPACKING pc=0x000001dbeeac4e42 sp=0x00000007235fd5f8 mode 0
Event: 59.881 Thread 0x000001dbfcdc5510 DEOPT PACKING pc=0x000001dbe7aecfb7 sp=0x00000007235fe300
Event: 59.881 Thread 0x000001dbfcdc5510 DEOPT UNPACKING pc=0x000001dbeeac4e42 sp=0x00000007235fd778 mode 0
Event: 59.992 Thread 0x000001dbfcdc5510 DEOPT PACKING pc=0x000001dbe7aece19 sp=0x00000007235fe250
Event: 59.992 Thread 0x000001dbfcdc5510 DEOPT UNPACKING pc=0x000001dbeeac4e42 sp=0x00000007235fd6c8 mode 0
Event: 63.426 Thread 0x000001dbfcdc5ba0 Uncommon trap: trap_request=0xffffff45 fr.pc=0x000001dbef087528 relative=0x00000000000002a8
Event: 63.426 Thread 0x000001dbfcdc5ba0 Uncommon trap: reason=unstable_if action=reinterpret pc=0x000001dbef087528 method=java.util.concurrent.ConcurrentHashMap.addCount(JI)V @ 97 c2
Event: 63.426 Thread 0x000001dbfcdc5ba0 DEOPT PACKING pc=0x000001dbef087528 sp=0x00000007219fdd30
Event: 63.426 Thread 0x000001dbfcdc5ba0 DEOPT UNPACKING pc=0x000001dbeeac46a2 sp=0x00000007219fdc80 mode 2
Event: 300.531 Thread 0x000001dbfcdc0650 Uncommon trap: trap_request=0xffffff45 fr.pc=0x000001dbef1579c4 relative=0x0000000000000704
Event: 300.531 Thread 0x000001dbfcdc0650 Uncommon trap: reason=unstable_if action=reinterpret pc=0x000001dbef1579c4 method=java.lang.ThreadLocal.get(Ljava/lang/Thread;)Ljava/lang/Object; @ 7 c2
Event: 300.531 Thread 0x000001dbfcdc0650 DEOPT PACKING pc=0x000001dbef1579c4 sp=0x00000007238fe720
Event: 300.531 Thread 0x000001dbfcdc0650 DEOPT UNPACKING pc=0x000001dbeeac46a2 sp=0x00000007238fe550 mode 2
Event: 300.531 Thread 0x000001dbfcdc0650 Uncommon trap: trap_request=0xffffff45 fr.pc=0x000001dbef118dd4 relative=0x0000000000000134
Event: 300.531 Thread 0x000001dbfcdc0650 Uncommon trap: reason=unstable_if action=reinterpret pc=0x000001dbef118dd4 method=java.lang.ThreadLocal$ThreadLocalMap.getEntry(Ljava/lang/ThreadLocal;)Ljava/lang/ThreadLocal$ThreadLocalMap$Entry; @ 21 c2
Event: 300.531 Thread 0x000001dbfcdc0650 DEOPT PACKING pc=0x000001dbef118dd4 sp=0x00000007238fe3f0
Event: 300.531 Thread 0x000001dbfcdc0650 DEOPT UNPACKING pc=0x000001dbeeac46a2 sp=0x00000007238fe300 mode 2

Classes loaded (20 events):
Event: 1.268 Loading class java/util/regex/Pattern$Behind
Event: 1.268 Loading class java/util/regex/Pattern$Behind done
Event: 1.268 Loading class java/util/regex/Pattern$Pos
Event: 1.268 Loading class java/util/regex/Pattern$Pos done
Event: 1.452 Loading class java/io/ObjectOutputStream$PutFieldImpl
Event: 1.452 Loading class java/io/ObjectOutputStream$PutField
Event: 1.452 Loading class java/io/ObjectOutputStream$PutField done
Event: 1.452 Loading class java/io/ObjectOutputStream$PutFieldImpl done
Event: 1.693 Loading class sun/security/ssl/Alert
Event: 1.694 Loading class sun/security/ssl/Alert done
Event: 1.694 Loading class sun/security/ssl/Alert$AlertConsumer
Event: 1.694 Loading class sun/security/ssl/Alert$AlertConsumer done
Event: 1.695 Loading class sun/security/ssl/Alert$Level
Event: 1.695 Loading class sun/security/ssl/Alert$Level done
Event: 1.695 Loading class java/io/InterruptedIOException
Event: 1.695 Loading class java/io/InterruptedIOException done
Event: 1.696 Loading class java/lang/StackTraceElement$HashedModules
Event: 1.696 Loading class java/lang/StackTraceElement$HashedModules done
Event: 15.536 Loading class java/util/ArrayList$ListItr
Event: 15.536 Loading class java/util/ArrayList$ListItr done

Classes unloaded (0 events):
No events

Classes redefined (0 events):
No events

Internal exceptions (20 events):
Event: 1.182 Thread 0x000001dbfcdc5510 Exception <a 'java/lang/NoSuchMethodError'{0x0000000086fe4fc0}: 'java.lang.Object java.lang.invoke.DirectMethodHandle$Holder.invokeStatic(java.lang.Object, java.lang.Object, java.lang.Object, java.lang.Object, int)'> (0x0000000086fe4fc0) 
thrown [s\src\hotspot\share\interpreter\linkResolver.cpp, line 784]
Event: 1.191 Thread 0x000001dbfcdc5510 Exception <a 'java/lang/NoSuchMethodError'{0x0000000086e10978}: 'void java.lang.invoke.DirectMethodHandle$Holder.invokeInterface(java.lang.Object, java.lang.Object, int)'> (0x0000000086e10978) 
thrown [s\src\hotspot\share\interpreter\linkResolver.cpp, line 784]
Event: 1.191 Thread 0x000001dbfcdc5510 Exception <a 'java/lang/NoSuchMethodError'{0x0000000086e14800}: 'void java.lang.invoke.DelegatingMethodHandle$Holder.reinvoke_L(java.lang.Object, java.lang.Object, int)'> (0x0000000086e14800) 
thrown [s\src\hotspot\share\interpreter\linkResolver.cpp, line 784]
Event: 1.236 Thread 0x000001dbfcdc5510 Exception <a 'java/lang/NoSuchMethodError'{0x0000000086df6358}: 'java.lang.Object java.lang.invoke.DirectMethodHandle$Holder.invokeInterface(java.lang.Object, java.lang.Object, int)'> (0x0000000086df6358) 
thrown [s\src\hotspot\share\interpreter\linkResolver.cpp, line 784]
Event: 1.244 Thread 0x000001dbfcdc5510 Exception <a 'java/lang/NoSuchMethodError'{0x0000000086c33090}: 'void java.lang.invoke.DirectMethodHandle$Holder.invokeInterface(java.lang.Object, java.lang.Object)'> (0x0000000086c33090) 
thrown [s\src\hotspot\share\interpreter\linkResolver.cpp, line 784]
Event: 1.269 Thread 0x000001dbfcdc5510 Exception <a 'java/lang/NoSuchMethodError'{0x0000000086b36168}: static Lcom/intellij/database/remote/jdba/core/ConnectionInfo;.<clinit>()V> (0x0000000086b36168) 
thrown [s\src\hotspot\share\prims\jni.cpp, line 1135]
Event: 1.270 Thread 0x000001dbfcdc5510 Exception <a 'java/lang/NoSuchMethodError'{0x0000000086b40f18}: static Ljava/lang/Object;.<clinit>()V> (0x0000000086b40f18) 
thrown [s\src\hotspot\share\prims\jni.cpp, line 1135]
Event: 1.270 Thread 0x000001dbfcdc5510 Exception <a 'java/lang/NoSuchMethodError'{0x0000000086b454f8}: static [I.<clinit>()V> (0x0000000086b454f8) 
thrown [s\src\hotspot\share\prims\jni.cpp, line 1135]
Event: 1.275 Thread 0x000001dbfcdc5510 Exception <a 'java/lang/NoSuchMethodError'{0x0000000086b696a8}: 'java.lang.Object java.lang.invoke.DirectMethodHandle$Holder.invokeInterface(java.lang.Object, java.lang.Object, java.lang.Object, java.lang.Object)'> (0x0000000086b696a8) 
thrown [s\src\hotspot\share\interpreter\linkResolver.cpp, line 784]
Event: 1.301 Thread 0x000001dbfcdc5510 Exception <a 'java/lang/NoSuchMethodError'{0x0000000086a79c50}: static Lcom/intellij/database/remote/jdba/core/ResultLayout;.<clinit>()V> (0x0000000086a79c50) 
thrown [s\src\hotspot\share\prims\jni.cpp, line 1135]
Event: 1.302 Thread 0x000001dbfcdc5510 Exception <a 'java/lang/NoSuchMethodError'{0x0000000086a86e18}: static Lcom/intellij/database/remote/jdba/core/RowLayout;.<clinit>()V> (0x0000000086a86e18) 
thrown [s\src\hotspot\share\prims\jni.cpp, line 1135]
Event: 1.303 Thread 0x000001dbfcdc5510 Exception <a 'java/lang/NoSuchMethodError'{0x0000000086a928c0}: static Lcom/intellij/database/remote/jdba/util/NameAndClass;.<clinit>()V> (0x0000000086a928c0) 
thrown [s\src\hotspot\share\prims\jni.cpp, line 1135]
Event: 1.303 Thread 0x000001dbfcdc5510 Exception <a 'java/lang/NoSuchMethodError'{0x0000000086a955d0}: 'java.lang.Object java.lang.invoke.DirectMethodHandle$Holder.invokeInterface(java.lang.Object, java.lang.Object, int, java.lang.Object)'> (0x0000000086a955d0) 
thrown [s\src\hotspot\share\interpreter\linkResolver.cpp, line 784]
Event: 1.304 Thread 0x000001dbfcdc5510 Exception <a 'java/lang/NoSuchMethodError'{0x0000000086a99770}: 'java.lang.Object java.lang.invoke.DirectMethodHandle$Holder.invokeSpecial(java.lang.Object, java.lang.Object, java.lang.Object, int, java.lang.Object)'> (0x0000000086a99770) 
thrown [s\src\hotspot\share\interpreter\linkResolver.cpp, line 784]
Event: 1.326 Thread 0x000001dbfcdc5510 Exception <a 'java/lang/NoSuchMethodError'{0x000000008690ffc8}: static [Ljava/lang/String;.<clinit>()V> (0x000000008690ffc8) 
thrown [s\src\hotspot\share\prims\jni.cpp, line 1135]
Event: 1.372 Thread 0x000001dbfcdc5510 Exception <a 'java/lang/NoSuchMethodError'{0x00000000869ea9a0}: static [Ljava/lang/Object;.<clinit>()V> (0x00000000869ea9a0) 
thrown [s\src\hotspot\share\prims\jni.cpp, line 1135]
Event: 1.695 Thread 0x000001dbfcdc5510 Exception <a 'java/io/IOException'{0x0000000087ea85e8}> (0x0000000087ea85e8) 
thrown [s\src\hotspot\share\prims\jni.cpp, line 535]
Event: 59.721 Thread 0x000001dbfcdc5510 Implicit null exception at 0x000001dbef115007 to 0x000001dbef1158c0
Event: 300.531 Thread 0x000001dbfcdc0650 Implicit null exception at 0x000001dbef157303 to 0x000001dbef1579a8
Event: 300.531 Thread 0x000001dbfcdc0650 Implicit null exception at 0x000001dbef118cf5 to 0x000001dbef118db4

ZGC Phase Switch (0 events):
No events

VM Operations (20 events):
Event: 797.448 Executing VM operation: Cleanup done
Event: 1054.545 Executing VM operation: Cleanup
Event: 1054.546 Executing VM operation: Cleanup done
Event: 1126.573 Executing VM operation: Cleanup
Event: 1126.573 Executing VM operation: Cleanup done
Event: 1145.580 Executing VM operation: Cleanup
Event: 1145.580 Executing VM operation: Cleanup done
Event: 1171.588 Executing VM operation: Cleanup
Event: 1171.588 Executing VM operation: Cleanup done
Event: 1198.598 Executing VM operation: Cleanup
Event: 1198.598 Executing VM operation: Cleanup done
Event: 1200.599 Executing VM operation: Cleanup
Event: 1200.599 Executing VM operation: Cleanup done
Event: 1837.848 Executing VM operation: Cleanup
Event: 1837.848 Executing VM operation: Cleanup done
Event: 2010.906 Executing VM operation: Cleanup
Event: 2010.906 Executing VM operation: Cleanup done
Event: 2458.088 Executing VM operation: Cleanup
Event: 2458.088 Executing VM operation: Cleanup done
Event: 3600.007 Executing VM operation: G1CollectFull (System.gc())

Memory protections (0 events):
No events

Nmethod flushes (0 events):
No events

Events (20 events):
Event: 0.511 Thread 0x000001dbfc27a130 Thread added: 0x000001dbfcdc5510
Event: 0.512 Thread 0x000001dbfc27a130 Thread added: 0x000001dbfcdc2090
Event: 0.512 Thread 0x000001dbfc279410 Thread added: 0x000001dbfcdbec10
Event: 0.528 Thread 0x000001dbfcdc5510 Thread added: 0x000001dbfcdc0650
Event: 0.816 Loaded shared library D:\Softwares\IntelliJ IDEA 2024.3\jbr\bin\sunmscapi.dll
Event: 0.955 Thread 0x000001dbfc288b80 Thread added: 0x000001dbfceb9ea0
Event: 6.694 Thread 0x000001dbfceb9ea0 Thread exited: 0x000001dbfceb9ea0
Event: 6.709 Thread 0x000001dbfc650430 Thread exited: 0x000001dbfc650430
Event: 59.746 Thread 0x000001dbfc288b80 Thread added: 0x000001dbfcefb860
Event: 63.408 Thread 0x000001dbfcefb860 Thread exited: 0x000001dbfcefb860
Event: 63.419 Thread 0x000001dbfcdc5510 Thread added: 0x000001dbfcdbe580
Event: 63.425 Thread 0x000001dbfcdc5510 Thread added: 0x000001dbfcdc5ba0
Event: 63.425 Thread 0x000001dbfcdc5510 Thread added: 0x000001dbfcdbf930
Event: 63.425 Thread 0x000001dbfcdc5510 Thread added: 0x000001dbfcdc2db0
Event: 63.426 Thread 0x000001dbfcdbf930 Thread exited: 0x000001dbfcdbf930
Event: 63.426 Thread 0x000001dbfcdbe580 Thread exited: 0x000001dbfcdbe580
Event: 63.426 Thread 0x000001dbfcdc5ba0 Thread exited: 0x000001dbfcdc5ba0
Event: 63.426 Thread 0x000001dbfcdc2db0 Thread exited: 0x000001dbfcdc2db0
Event: 90.515 Thread 0x000001dbfcdc4e80 Thread exited: 0x000001dbfcdc4e80
Event: 90.521 Thread 0x000001dbfcdc2090 Thread exited: 0x000001dbfcdc2090


Dynamic libraries:
0x00007ff76c270000 - 0x00007ff76c27a000 	D:\Softwares\IntelliJ IDEA 2024.3\jbr\bin\java.exe
0x00007fff83d70000 - 0x00007fff83f68000 	C:\Windows\SYSTEM32\ntdll.dll
0x00007fff82730000 - 0x00007fff827ef000 	C:\Windows\System32\KERNEL32.DLL
0x00007fff81450000 - 0x00007fff81746000 	C:\Windows\System32\KERNELBASE.dll
0x00007fff81930000 - 0x00007fff81a30000 	C:\Windows\System32\ucrtbase.dll
0x00007fff74320000 - 0x00007fff74338000 	D:\Softwares\IntelliJ IDEA 2024.3\jbr\bin\jli.dll
0x00007fff7bfc0000 - 0x00007fff7bfdb000 	D:\Softwares\IntelliJ IDEA 2024.3\jbr\bin\VCRUNTIME140.dll
0x00007fff823a0000 - 0x00007fff8253d000 	C:\Windows\System32\USER32.dll
0x00007fff81750000 - 0x00007fff81772000 	C:\Windows\System32\win32u.dll
0x00007fff6ee50000 - 0x00007fff6f0ea000 	C:\Windows\WinSxS\amd64_microsoft.windows.common-controls_6595b64144ccf1df_6.0.19041.1110_none_60b5254171f9507e\COMCTL32.dll
0x00007fff83590000 - 0x00007fff835bc000 	C:\Windows\System32\GDI32.dll
0x00007fff83960000 - 0x00007fff839fe000 	C:\Windows\System32\msvcrt.dll
0x00007fff81c10000 - 0x00007fff81d25000 	C:\Windows\System32\gdi32full.dll
0x00007fff81d30000 - 0x00007fff81dcd000 	C:\Windows\System32\msvcp_win.dll
0x00007fff82860000 - 0x00007fff82890000 	C:\Windows\System32\IMM32.DLL
0x00007fff7c1f0000 - 0x00007fff7c1fc000 	D:\Softwares\IntelliJ IDEA 2024.3\jbr\bin\vcruntime140_1.dll
0x00007fff6d520000 - 0x00007fff6d5ad000 	D:\Softwares\IntelliJ IDEA 2024.3\jbr\bin\msvcp140.dll
0x00007fff43b50000 - 0x00007fff44911000 	D:\Softwares\IntelliJ IDEA 2024.3\jbr\bin\server\jvm.dll
0x00007fff83a00000 - 0x00007fff83aaf000 	C:\Windows\System32\ADVAPI32.dll
0x00007fff83c90000 - 0x00007fff83d2c000 	C:\Windows\System32\sechost.dll
0x00007fff83460000 - 0x00007fff83586000 	C:\Windows\System32\RPCRT4.dll
0x00007fff827f0000 - 0x00007fff8285b000 	C:\Windows\System32\WS2_32.dll
0x00007fff812b0000 - 0x00007fff812fb000 	C:\Windows\SYSTEM32\POWRPROF.dll
0x00007fff777a0000 - 0x00007fff777c7000 	C:\Windows\SYSTEM32\WINMM.dll
0x00007fff7b450000 - 0x00007fff7b45a000 	C:\Windows\SYSTEM32\VERSION.dll
0x00007fff81290000 - 0x00007fff812a2000 	C:\Windows\SYSTEM32\UMPDC.dll
0x00007fff7f300000 - 0x00007fff7f312000 	C:\Windows\SYSTEM32\kernel.appcore.dll
0x00007fff7bfb0000 - 0x00007fff7bfba000 	D:\Softwares\IntelliJ IDEA 2024.3\jbr\bin\jimage.dll
0x00007fff77a10000 - 0x00007fff77bf4000 	C:\Windows\SYSTEM32\DBGHELP.DLL
0x00007fff713e0000 - 0x00007fff71414000 	C:\Windows\SYSTEM32\dbgcore.DLL
0x00007fff81a30000 - 0x00007fff81ab2000 	C:\Windows\System32\bcryptPrimitives.dll
0x00007fff6beb0000 - 0x00007fff6bed0000 	D:\Softwares\IntelliJ IDEA 2024.3\jbr\bin\java.dll
0x00007fff82d10000 - 0x00007fff83454000 	C:\Windows\System32\SHELL32.dll
0x00007fff7f500000 - 0x00007fff7fc94000 	C:\Windows\SYSTEM32\windows.storage.dll
0x00007fff81dd0000 - 0x00007fff82124000 	C:\Windows\System32\combase.dll
0x00007fff80dc0000 - 0x00007fff80dee000 	C:\Windows\SYSTEM32\Wldp.dll
0x00007fff83ab0000 - 0x00007fff83b5d000 	C:\Windows\System32\SHCORE.dll
0x00007fff82130000 - 0x00007fff82185000 	C:\Windows\System32\shlwapi.dll
0x00007fff81380000 - 0x00007fff813a5000 	C:\Windows\SYSTEM32\profapi.dll
0x00007fff669e0000 - 0x00007fff669f8000 	D:\Softwares\IntelliJ IDEA 2024.3\jbr\bin\zip.dll
0x00007fff7a6e0000 - 0x00007fff7a6f0000 	D:\Softwares\IntelliJ IDEA 2024.3\jbr\bin\net.dll
0x00007fff79560000 - 0x00007fff7966a000 	C:\Windows\SYSTEM32\WINHTTP.dll
0x00007fff80b20000 - 0x00007fff80b8a000 	C:\Windows\system32\mswsock.dll
0x00007fff65e80000 - 0x00007fff65e96000 	D:\Softwares\IntelliJ IDEA 2024.3\jbr\bin\nio.dll
0x00007fff80810000 - 0x00007fff8084c000 	C:\Windows\SYSTEM32\IPHLPAPI.DLL
0x00007fff826c0000 - 0x00007fff826c8000 	C:\Windows\System32\NSI.dll
0x00007fff80d10000 - 0x00007fff80d28000 	C:\Windows\SYSTEM32\CRYPTSP.dll
0x00007fff80440000 - 0x00007fff80474000 	C:\Windows\system32\rsaenh.dll
0x00007fff81ac0000 - 0x00007fff81ae7000 	C:\Windows\System32\bcrypt.dll
0x00007fff81340000 - 0x00007fff8136e000 	C:\Windows\SYSTEM32\USERENV.dll
0x00007fff80d30000 - 0x00007fff80d3c000 	C:\Windows\SYSTEM32\CRYPTBASE.dll
0x00007fff65dc0000 - 0x00007fff65dc9000 	D:\Softwares\IntelliJ IDEA 2024.3\jbr\bin\extnet.dll
0x00007fff74290000 - 0x00007fff74297000 	D:\Softwares\IntelliJ IDEA 2024.3\jbr\bin\rmi.dll
0x00007fff80850000 - 0x00007fff8091a000 	C:\Windows\SYSTEM32\DNSAPI.dll
0x00007fff74540000 - 0x00007fff7454a000 	C:\Windows\System32\rasadhlp.dll
0x00007fff74560000 - 0x00007fff745e2000 	C:\Windows\System32\fwpuclnt.dll
0x00007fff66ab0000 - 0x00007fff66abe000 	D:\Softwares\IntelliJ IDEA 2024.3\jbr\bin\sunmscapi.dll
0x00007fff81780000 - 0x00007fff818de000 	C:\Windows\System32\CRYPT32.dll
0x00007fff80e30000 - 0x00007fff80e58000 	C:\Windows\SYSTEM32\ncrypt.dll
0x00007fff80df0000 - 0x00007fff80e2b000 	C:\Windows\SYSTEM32\NTASN1.dll

dbghelp: loaded successfully - version: 4.0.5 - missing functions: none
symbol engine: initialized successfully - sym options: 0x614 - pdb path: .;D:\Softwares\IntelliJ IDEA 2024.3\jbr\bin;C:\Windows\SYSTEM32;C:\Windows\WinSxS\amd64_microsoft.windows.common-controls_6595b64144ccf1df_6.0.19041.1110_none_60b5254171f9507e;D:\Softwares\IntelliJ IDEA 2024.3\jbr\bin\server

VM Arguments:
jvm_args: -Djava.rmi.server.hostname=127.0.0.1 -Duser.timezone=UTC -Xmx2048m -Xms128m -Djdbc.classpath=C:\Users\Admin\AppData\Local\Temp\RemoteDriver10.classpath.txt --add-exports=java.desktop/sun.awt=ALL-UNNAMED --add-exports=java.desktop/java.awt.peer=ALL-UNNAMED --add-opens=java.desktop/java.awt=ALL-UNNAMED --add-opens=jdk.unsupported/sun.misc=ALL-UNNAMED --add-opens=java.base/java.nio=ALL-UNNAMED --add-opens=java.base/java.util=ALL-UNNAMED -Dfile.encoding=UTF-8 -Dsun.stdout.encoding=UTF-8 -Dsun.stderr.encoding=UTF-8 
java_command: com.intellij.database.remote.RemoteJdbcServer com.mysql.cj.jdbc.Driver
java_class_path (initial): D:\Softwares\IntelliJ IDEA 2024.3\lib\util_rt.jar;D:\Softwares\IntelliJ IDEA 2024.3\lib\util-8.jar;D:\Softwares\IntelliJ IDEA 2024.3\lib\groovy.jar;D:\Softwares\IntelliJ IDEA 2024.3\plugins\DatabaseTools\lib\jdbc-console.jar;D:\Softwares\IntelliJ IDEA 2024.3\plugins\grid-core-impl\lib\jdbc-console-types.jar;D:\Softwares\IntelliJ IDEA 2024.3\lib\util.jar;D:\Softwares\IntelliJ IDEA 2024.3\lib\bouncy-castle.jar
Launcher Type: SUN_STANDARD

[Global flags]
     intx CICompilerCount                          = 4                                         {product} {ergonomic}
     uint ConcGCThreads                            = 2                                         {product} {ergonomic}
     uint G1ConcRefinementThreads                  = 8                                         {product} {ergonomic}
   size_t G1HeapRegionSize                         = 1048576                                   {product} {ergonomic}
    uintx GCDrainStackTargetSize                   = 64                                        {product} {ergonomic}
   size_t InitialHeapSize                          = 134217728                                 {product} {command line}
   size_t MarkStackSize                            = 4194304                                   {product} {ergonomic}
   size_t MaxHeapSize                              = 2147483648                                {product} {command line}
   size_t MaxNewSize                               = 1287651328                                {product} {ergonomic}
   size_t MinHeapDeltaBytes                        = 1048576                                   {product} {ergonomic}
   size_t MinHeapSize                              = 134217728                                 {product} {command line}
    uintx NonNMethodCodeHeapSize                   = 5839372                                {pd product} {ergonomic}
    uintx NonProfiledCodeHeapSize                  = 122909434                              {pd product} {ergonomic}
    uintx ProfiledCodeHeapSize                     = 122909434                              {pd product} {ergonomic}
    uintx ReservedCodeCacheSize                    = 251658240                              {pd product} {ergonomic}
     bool SegmentedCodeCache                       = true                                      {product} {ergonomic}
   size_t SoftMaxHeapSize                          = 2147483648                             {manageable} {ergonomic}
     bool UseCompressedOops                        = true                           {product lp64_product} {ergonomic}
     bool UseG1GC                                  = true                                      {product} {ergonomic}
     bool UseLargePagesIndividualAllocation        = false                                  {pd product} {ergonomic}

Logging:
Log output configuration:
 #0: stdout all=warning uptime,level,tags foldmultilines=false
 #1: stderr all=off uptime,level,tags foldmultilines=false

Environment Variables:
PATH=C:\Windows\system32;C:\Windows;C:\Windows\System32\Wbem;C:\Windows\System32\WindowsPowerShell\v1.0\;C:\Windows\System32\OpenSSH\;C:\Program Files\Cloudflare\Cloudflare WARP\;D:\Softwares\Nodejs\;D:\Softwares\Git\cmd;C:\Users\Admin\AppData\Local\Microsoft\WindowsApps;D:\Softwares\Microsoft VS Code\bin;C:\Users\Admin\AppData\Roaming\npm;D:\Softwares\IntelliJ IDEA 2024.3\bin;
USERNAME=Admin
OS=Windows_NT
PROCESSOR_IDENTIFIER=AMD64 Family 23 Model 24 Stepping 1, AuthenticAMD
TMP=C:\Users\Admin\AppData\Local\Temp
TEMP=C:\Users\Admin\AppData\Local\Temp




Periodic native trim disabled

JNI global refs:
JNI global refs: 18, weak refs: 0

JNI global refs memory usage: 835, weak refs: 833

Process memory usage:
Resident Set Size: 124100K (0% of 14617228K total physical memory with 3951136K free physical memory)

OOME stack traces (most recent first):
Classloader memory used:
Loader bootstrap                                                                       : 11290K
Loader jdk.internal.loader.ClassLoaders$AppClassLoader                                 : 3382K
Loader com.intellij.database.remote.jdbc.impl.JdbcClassLoader$JdbcClassLoaderImpl      : 2841K
Loader jdk.internal.loader.ClassLoaders$PlatformClassLoader                            : 777K
Loader jdk.internal.reflect.DelegatingClassLoader                                      : 157K
Loader com.intellij.database.remote.jdbc.impl.JdbcClassLoader$1                        : 6904B

---------------  S Y S T E M  ---------------

OS:
 Windows 10 , 64 bit Build 19041 (10.0.19041.3155)
OS uptime: 0 days 9:09 hours

CPU: total 8 (initial active 8) (8 cores per cpu, 2 threads per core) family 23 model 24 stepping 1 microcode 0x0, cx8, cmov, fxsr, ht, mmx, 3dnowpref, sse, sse2, sse3, ssse3, sse4a, sse4.1, sse4.2, popcnt, lzcnt, tsc, tscinvbit, avx, avx2, aes, clmul, bmi1, bmi2, adx, sha, fma, vzeroupper, clflush, clflushopt, rdtscp, f16c
Processor Information for all 8 processors :
  Max Mhz: 2100, Current Mhz: 2100, Mhz Limit: 2100

Memory: 4k page, system-wide physical 14274M (3858M free)
TotalPageFile size 14274M (AvailPageFile size 5M)
current process WorkingSet (physical memory assigned to process): 121M, peak: 145M
current process commit charge ("private bytes"): 242M, peak: 269M

vm_info: OpenJDK 64-Bit Server VM (21.0.5+8-b631.16) for windows-amd64 JRE (21.0.5+8-b631.16), built on 2024-11-02 by "builduser" with MS VC++ 16.10 / 16.11 (VS2019)

END.
