#
# There is insufficient memory for the Java Runtime Environment to continue.
# Native memory allocation (malloc) failed to allocate 1048576 bytes. Error detail: AllocateHeap
# Possible reasons:
#   The system is out of physical RAM or swap space
#   This process is running with CompressedOops enabled, and the Java Heap may be blocking the growth of the native heap
# Possible solutions:
#   Reduce memory load on the system
#   Increase physical memory or swap space
#   Check if swap backing store is full
#   Decrease Java heap size (-Xmx/-Xms)
#   Decrease number of Java threads
#   Decrease Java thread stack sizes (-Xss)
#   Set larger code cache with -XX:ReservedCodeCacheSize=
#   JVM is running with Unscaled Compressed Oops mode in which the Java heap is
#     placed in the first 4GB address space. The Java Heap base address is the
#     maximum limit for the native heap growth. Please use -XX:HeapBaseMinAddress
#     to set the Java Heap base and to place the Java Heap above 4GB virtual address.
# This output file may be truncated or incomplete.
#
#  Out of Memory Error (allocation.cpp:44), pid=6908, tid=3568
#
# JRE version: OpenJDK Runtime Environment JBR-21.0.5+8-631.16-jcef (21.0.5+8) (build 21.0.5+8-b631.16)
# Java VM: OpenJDK 64-Bit Server VM JBR-21.0.5+8-631.16-jcef (21.0.5+8-b631.16, mixed mode, sharing, tiered, compressed oops, compressed class ptrs, g1 gc, windows-amd64)
# No core dump will be written. Minidumps are not enabled by default on client versions of Windows
#

---------------  S U M M A R Y ------------

Command Line: -Djava.rmi.server.hostname=127.0.0.1 -Duser.timezone=UTC -Xmx2048m -Xms128m -Djdbc.classpath=C:\Users\Admin\AppData\Local\Temp\RemoteDriver.classpath.txt --add-exports=java.desktop/sun.awt=ALL-UNNAMED --add-exports=java.desktop/java.awt.peer=ALL-UNNAMED --add-opens=java.desktop/java.awt=ALL-UNNAMED --add-opens=jdk.unsupported/sun.misc=ALL-UNNAMED --add-opens=java.base/java.nio=ALL-UNNAMED --add-opens=java.base/java.util=ALL-UNNAMED -Dfile.encoding=UTF-8 -Dsun.stdout.encoding=UTF-8 -Dsun.stderr.encoding=UTF-8 com.intellij.database.remote.RemoteJdbcServer com.mysql.cj.jdbc.Driver

Host: AMD Ryzen 5 3550H with Radeon Vega Mobile Gfx  , 8 cores, 13G,  Windows 10 , 64 bit Build 19041 (10.0.19041.3155)
Time: Sat Dec 21 06:28:13 2024 SE Asia Standard Time elapsed time: 21600.131837 seconds (0d 6h 0m 0s)

---------------  T H R E A D  ---------------

Current thread (0x00000237ed0cf3b0):  VMThread "VM Thread"          [id=3568, stack(0x0000005cc8300000,0x0000005cc8400000) (1024K)]

Stack: [0x0000005cc8300000,0x0000005cc8400000]
Native frames: (J=compiled Java code, j=interpreted, Vv=VM code, C=native code)
V  [jvm.dll+0x6e52b9]
V  [jvm.dll+0x8c3633]
V  [jvm.dll+0x8c5b8e]
V  [jvm.dll+0x8c6273]
V  [jvm.dll+0x288f46]
V  [jvm.dll+0xc0e57]
V  [jvm.dll+0x353cb2]
V  [jvm.dll+0x34d64e]
V  [jvm.dll+0x3356d9]
V  [jvm.dll+0x379a24]
V  [jvm.dll+0x8cbff8]
V  [jvm.dll+0x8cd374]
V  [jvm.dll+0x8cd8b0]
V  [jvm.dll+0x8cdb43]
V  [jvm.dll+0x86b248]
V  [jvm.dll+0x6e3abd]
C  [ucrtbase.dll+0x21bb2]
C  [KERNEL32.DLL+0x17614]
C  [ntdll.dll+0x526b1]

VM_Operation (0x0000005cc94ff0e0): G1CollectFull, mode: safepoint, requested by thread 0x00000237ed768750


---------------  P R O C E S S  ---------------

Threads class SMR info:
_java_thread_list=0x00000237f2b0e2b0, length=20, elements={
0x00000237d4be78f0, 0x00000237ed0ea410, 0x00000237ed0ed520, 0x00000237ed0ef490,
0x00000237ed0f0090, 0x00000237ed0f0f10, 0x00000237ed0f1960, 0x00000237ed0fdf50,
0x00000237ed0ff9f0, 0x00000237ed478960, 0x00000237ed47d3e0, 0x00000237ed7c23d0,
0x00000237ed87a570, 0x00000237edb4e480, 0x00000237ed7680f0, 0x00000237ed768750,
0x00000237ed83d030, 0x00000237edb5f620, 0x00000237edacc8e0, 0x00000237edacb530
}

Java Threads: ( => current thread )
  0x00000237d4be78f0 JavaThread "main"                              [_thread_blocked, id=264, stack(0x0000005cc7c00000,0x0000005cc7d00000) (1024K)]
  0x00000237ed0ea410 JavaThread "Reference Handler"          daemon [_thread_blocked, id=9744, stack(0x0000005cc8400000,0x0000005cc8500000) (1024K)]
  0x00000237ed0ed520 JavaThread "Finalizer"                  daemon [_thread_blocked, id=3616, stack(0x0000005cc8500000,0x0000005cc8600000) (1024K)]
  0x00000237ed0ef490 JavaThread "Signal Dispatcher"          daemon [_thread_blocked, id=9224, stack(0x0000005cc8600000,0x0000005cc8700000) (1024K)]
  0x00000237ed0f0090 JavaThread "Attach Listener"            daemon [_thread_blocked, id=5516, stack(0x0000005cc8700000,0x0000005cc8800000) (1024K)]
  0x00000237ed0f0f10 JavaThread "Service Thread"             daemon [_thread_blocked, id=6520, stack(0x0000005cc8800000,0x0000005cc8900000) (1024K)]
  0x00000237ed0f1960 JavaThread "Monitor Deflation Thread"   daemon [_thread_blocked, id=1716, stack(0x0000005cc8900000,0x0000005cc8a00000) (1024K)]
  0x00000237ed0fdf50 JavaThread "C2 CompilerThread0"         daemon [_thread_blocked, id=8740, stack(0x0000005cc8a00000,0x0000005cc8b00000) (1024K)]
  0x00000237ed0ff9f0 JavaThread "C1 CompilerThread0"         daemon [_thread_blocked, id=10096, stack(0x0000005cc8b00000,0x0000005cc8c00000) (1024K)]
  0x00000237ed478960 JavaThread "Common-Cleaner"             daemon [_thread_blocked, id=132, stack(0x0000005cc8c00000,0x0000005cc8d00000) (1024K)]
  0x00000237ed47d3e0 JavaThread "Notification Thread"        daemon [_thread_blocked, id=5604, stack(0x0000005cc8d00000,0x0000005cc8e00000) (1024K)]
  0x00000237ed7c23d0 JavaThread "mysql-cj-abandoned-connection-cleanup" daemon [_thread_blocked, id=7840, stack(0x0000005cc9000000,0x0000005cc9100000) (1024K)]
  0x00000237ed87a570 JavaThread "RMI TCP Accept-47774"       daemon [_thread_in_native, id=6560, stack(0x0000005cc9100000,0x0000005cc9200000) (1024K)]
  0x00000237edb4e480 JavaThread "RMI TCP Accept-0"           daemon [_thread_in_native, id=8296, stack(0x0000005cc9200000,0x0000005cc9300000) (1024K)]
  0x00000237ed7680f0 JavaThread "RMI Reaper"                        [_thread_blocked, id=8748, stack(0x0000005cc9300000,0x0000005cc9400000) (1024K)]
  0x00000237ed768750 JavaThread "RMI GC Daemon"              daemon [_thread_blocked, id=9332, stack(0x0000005cc9400000,0x0000005cc9500000) (1024K)]
  0x00000237ed83d030 JavaThread "RMI TCP Connection(1)-127.0.0.1" daemon [_thread_in_native, id=8484, stack(0x0000005cc9500000,0x0000005cc9600000) (1024K)]
  0x00000237edb5f620 JavaThread "RMI Scheduler(0)"           daemon [_thread_blocked, id=9856, stack(0x0000005cc9700000,0x0000005cc9800000) (1024K)]
  0x00000237edacc8e0 JavaThread "RMI TCP Connection(4)-127.0.0.1" daemon [_thread_in_native, id=3360, stack(0x0000005cc9900000,0x0000005cc9a00000) (1024K)]
  0x00000237edacb530 JavaThread "RMI RenewClean-[127.0.0.1:50623]" daemon [_thread_blocked, id=244, stack(0x0000005cc8e00000,0x0000005cc8f00000) (1024K)]
Total: 20

Other Threads:
=>0x00000237ed0cf3b0 VMThread "VM Thread"                           [id=3568, stack(0x0000005cc8300000,0x0000005cc8400000) (1024K)]
  0x00000237ed0be770 WatcherThread "VM Periodic Task Thread"        [id=8392, stack(0x0000005cc8200000,0x0000005cc8300000) (1024K)]
  0x00000237d4c41480 WorkerThread "GC Thread#0"                     [id=1424, stack(0x0000005cc7d00000,0x0000005cc7e00000) (1024K)]
  0x00000237edc53080 WorkerThread "GC Thread#1"                     [id=452, stack(0x0000005cc9a00000,0x0000005cc9b00000) (1024K)]
  0x00000237edc4a290 WorkerThread "GC Thread#2"                     [id=9416, stack(0x0000005cc9b00000,0x0000005cc9c00000) (1024K)]
  0x00000237edc5d850 WorkerThread "GC Thread#3"                     [id=6304, stack(0x0000005cc9c00000,0x0000005cc9d00000) (1024K)]
  0x00000237edcac3e0 WorkerThread "GC Thread#4"                     [id=6636, stack(0x0000005cc9d00000,0x0000005cc9e00000) (1024K)]
  0x00000237eddd5360 WorkerThread "GC Thread#5"                     [id=2100, stack(0x0000005cc9e00000,0x0000005cc9f00000) (1024K)]
  0x00000237ede213f0 WorkerThread "GC Thread#6"                     [id=2876, stack(0x0000005cc9f00000,0x0000005cca000000) (1024K)]
  0x00000237ede21790 WorkerThread "GC Thread#7"                     [id=10012, stack(0x0000005cca000000,0x0000005cca100000) (1024K)]
  0x00000237d4c52d30 ConcurrentGCThread "G1 Main Marker"            [id=5836, stack(0x0000005cc7e00000,0x0000005cc7f00000) (1024K)]
  0x00000237d4c53ee0 WorkerThread "G1 Conc#0"                       [id=3772, stack(0x0000005cc7f00000,0x0000005cc8000000) (1024K)]
  0x00000237d4cbe870 ConcurrentGCThread "G1 Refine#0"               [id=2920, stack(0x0000005cc8000000,0x0000005cc8100000) (1024K)]
  0x00000237ecf80530 ConcurrentGCThread "G1 Service"                [id=2824, stack(0x0000005cc8100000,0x0000005cc8200000) (1024K)]
Total: 14

Threads with active compile tasks:
Total: 0

VM state: at safepoint (normal execution)

VM Mutex/Monitor currently owned by a thread:  ([mutex/lock_event])
[0x00007fffe39dea30] Threads_lock - owner thread: 0x00000237ed0cf3b0
[0x00007fffe39deb30] Heap_lock - owner thread: 0x00000237ed768750

Heap address: 0x0000000080000000, size: 2048 MB, Compressed Oops mode: 32-bit

CDS archive(s) mapped at: [0x0000023780000000-0x0000023780d00000-0x0000023780d00000), size 13631488, SharedBaseAddress: 0x0000023780000000, ArchiveRelocationMode: 1.
Compressed class space mapped at: 0x0000023781000000-0x00000237c1000000, reserved size: 1073741824
Narrow klass base: 0x0000023780000000, Narrow klass shift: 0, Narrow klass range: 0x100000000

GC Precious Log:
 CardTable entry size: 512
 Card Set container configuration: InlinePtr #cards 5 size 8 Array Of Cards #cards 12 size 40 Howl #buckets 4 coarsen threshold 1843 Howl Bitmap #cards 512 size 80 coarsen threshold 460 Card regions per heap region 1 cards per card region 2048
 CPUs: 8 total, 8 available
 Memory: 14274M
 Large Page Support: Disabled
 NUMA Support: Disabled
 Compressed Oops: Enabled (32-bit)
 Heap Region Size: 1M
 Heap Min Capacity: 128M
 Heap Initial Capacity: 128M
 Heap Max Capacity: 2G
 Pre-touch: Disabled
 Parallel Workers: 8
 Concurrent Workers: 2
 Concurrent Refinement Workers: 8
 Periodic GC: Disabled

Heap:
 garbage-first heap   total 131072K, used 18549K [0x0000000080000000, 0x0000000100000000)
  region size 1024K, 8 young (8192K), 0 survivors (0K)
 Metaspace       used 17903K, committed 18624K, reserved 1114112K
  class space    used 1986K, committed 2240K, reserved 1048576K

Heap Regions: E=young(eden), S=young(survivor), O=old, HS=humongous(starts), HC=humongous(continues), CS=collection set, F=free, TAMS=top-at-mark-start, PB=parsable bottom
|   0|0x0000000080000000, 0x0000000080100000, 0x0000000080100000|100%|HS|  |TAMS 0x0000000080000000| PB 0x0000000080000000| Untracked 
|   1|0x0000000080100000, 0x0000000080200000, 0x0000000080200000|100%|HC|  |TAMS 0x0000000080100000| PB 0x0000000080100000| Untracked 
|   2|0x0000000080200000, 0x0000000080300000, 0x0000000080300000|100%|HS|  |TAMS 0x0000000080200000| PB 0x0000000080200000| Untracked 
|   3|0x0000000080300000, 0x0000000080400000, 0x0000000080400000|100%|HS|  |TAMS 0x0000000080300000| PB 0x0000000080300000| Untracked 
|   4|0x0000000080400000, 0x0000000080500000, 0x0000000080500000|100%| O|  |TAMS 0x0000000080400000| PB 0x0000000080400000| Untracked 
|   5|0x0000000080500000, 0x00000000805fffe0, 0x0000000080600000| 99%| O|  |TAMS 0x0000000080500000| PB 0x0000000080500000| Untracked 
|   6|0x0000000080600000, 0x00000000806ffff8, 0x0000000080700000| 99%| O|  |TAMS 0x0000000080600000| PB 0x0000000080600000| Untracked 
|   7|0x0000000080700000, 0x0000000080800000, 0x0000000080800000|100%| O|  |TAMS 0x0000000080700000| PB 0x0000000080700000| Untracked 
|   8|0x0000000080800000, 0x00000000808ffff8, 0x0000000080900000| 99%| O|  |TAMS 0x0000000080800000| PB 0x0000000080800000| Untracked 
|   9|0x0000000080900000, 0x00000000809d9918, 0x0000000080a00000| 84%| O|  |TAMS 0x0000000080900000| PB 0x0000000080900000| Untracked 
|  10|0x0000000080a00000, 0x0000000080abb798, 0x0000000080b00000| 73%| O|  |TAMS 0x0000000080a00000| PB 0x0000000080a00000| Untracked 
|  11|0x0000000080b00000, 0x0000000080b88740, 0x0000000080c00000| 53%| O|  |TAMS 0x0000000080b00000| PB 0x0000000080b00000| Untracked 
|  12|0x0000000080c00000, 0x0000000080c00000, 0x0000000080d00000|  0%| F|  |TAMS 0x0000000080c00000| PB 0x0000000080c00000| Untracked 
|  13|0x0000000080d00000, 0x0000000080d00000, 0x0000000080e00000|  0%| F|  |TAMS 0x0000000080d00000| PB 0x0000000080d00000| Untracked 
|  14|0x0000000080e00000, 0x0000000080e00000, 0x0000000080f00000|  0%| F|  |TAMS 0x0000000080e00000| PB 0x0000000080e00000| Untracked 
|  15|0x0000000080f00000, 0x0000000080f00000, 0x0000000081000000|  0%| F|  |TAMS 0x0000000080f00000| PB 0x0000000080f00000| Untracked 
|  16|0x0000000081000000, 0x0000000081000000, 0x0000000081100000|  0%| F|  |TAMS 0x0000000081000000| PB 0x0000000081000000| Untracked 
|  17|0x0000000081100000, 0x0000000081100000, 0x0000000081200000|  0%| F|  |TAMS 0x0000000081100000| PB 0x0000000081100000| Untracked 
|  18|0x0000000081200000, 0x0000000081200000, 0x0000000081300000|  0%| F|  |TAMS 0x0000000081200000| PB 0x0000000081200000| Untracked 
|  19|0x0000000081300000, 0x0000000081300000, 0x0000000081400000|  0%| F|  |TAMS 0x0000000081300000| PB 0x0000000081300000| Untracked 
|  20|0x0000000081400000, 0x0000000081400000, 0x0000000081500000|  0%| F|  |TAMS 0x0000000081400000| PB 0x0000000081400000| Untracked 
|  21|0x0000000081500000, 0x0000000081500000, 0x0000000081600000|  0%| F|  |TAMS 0x0000000081500000| PB 0x0000000081500000| Untracked 
|  22|0x0000000081600000, 0x0000000081600000, 0x0000000081700000|  0%| F|  |TAMS 0x0000000081600000| PB 0x0000000081600000| Untracked 
|  23|0x0000000081700000, 0x0000000081700000, 0x0000000081800000|  0%| F|  |TAMS 0x0000000081700000| PB 0x0000000081700000| Untracked 
|  24|0x0000000081800000, 0x0000000081800000, 0x0000000081900000|  0%| F|  |TAMS 0x0000000081800000| PB 0x0000000081800000| Untracked 
|  25|0x0000000081900000, 0x0000000081900000, 0x0000000081a00000|  0%| F|  |TAMS 0x0000000081900000| PB 0x0000000081900000| Untracked 
|  26|0x0000000081a00000, 0x0000000081a00000, 0x0000000081b00000|  0%| F|  |TAMS 0x0000000081a00000| PB 0x0000000081a00000| Untracked 
|  27|0x0000000081b00000, 0x0000000081b00000, 0x0000000081c00000|  0%| F|  |TAMS 0x0000000081b00000| PB 0x0000000081b00000| Untracked 
|  28|0x0000000081c00000, 0x0000000081c00000, 0x0000000081d00000|  0%| F|  |TAMS 0x0000000081c00000| PB 0x0000000081c00000| Untracked 
|  29|0x0000000081d00000, 0x0000000081d00000, 0x0000000081e00000|  0%| F|  |TAMS 0x0000000081d00000| PB 0x0000000081d00000| Untracked 
|  30|0x0000000081e00000, 0x0000000081e00000, 0x0000000081f00000|  0%| F|  |TAMS 0x0000000081e00000| PB 0x0000000081e00000| Untracked 
|  31|0x0000000081f00000, 0x0000000081f00000, 0x0000000082000000|  0%| F|  |TAMS 0x0000000081f00000| PB 0x0000000081f00000| Untracked 
|  32|0x0000000082000000, 0x0000000082000000, 0x0000000082100000|  0%| F|  |TAMS 0x0000000082000000| PB 0x0000000082000000| Untracked 
|  33|0x0000000082100000, 0x0000000082100000, 0x0000000082200000|  0%| F|  |TAMS 0x0000000082100000| PB 0x0000000082100000| Untracked 
|  34|0x0000000082200000, 0x0000000082200000, 0x0000000082300000|  0%| F|  |TAMS 0x0000000082200000| PB 0x0000000082200000| Untracked 
|  35|0x0000000082300000, 0x0000000082300000, 0x0000000082400000|  0%| F|  |TAMS 0x0000000082300000| PB 0x0000000082300000| Untracked 
|  36|0x0000000082400000, 0x0000000082400000, 0x0000000082500000|  0%| F|  |TAMS 0x0000000082400000| PB 0x0000000082400000| Untracked 
|  37|0x0000000082500000, 0x0000000082500000, 0x0000000082600000|  0%| F|  |TAMS 0x0000000082500000| PB 0x0000000082500000| Untracked 
|  38|0x0000000082600000, 0x0000000082600000, 0x0000000082700000|  0%| F|  |TAMS 0x0000000082600000| PB 0x0000000082600000| Untracked 
|  39|0x0000000082700000, 0x0000000082700000, 0x0000000082800000|  0%| F|  |TAMS 0x0000000082700000| PB 0x0000000082700000| Untracked 
|  40|0x0000000082800000, 0x0000000082800000, 0x0000000082900000|  0%| F|  |TAMS 0x0000000082800000| PB 0x0000000082800000| Untracked 
|  41|0x0000000082900000, 0x0000000082900000, 0x0000000082a00000|  0%| F|  |TAMS 0x0000000082900000| PB 0x0000000082900000| Untracked 
|  42|0x0000000082a00000, 0x0000000082a00000, 0x0000000082b00000|  0%| F|  |TAMS 0x0000000082a00000| PB 0x0000000082a00000| Untracked 
|  43|0x0000000082b00000, 0x0000000082b00000, 0x0000000082c00000|  0%| F|  |TAMS 0x0000000082b00000| PB 0x0000000082b00000| Untracked 
|  44|0x0000000082c00000, 0x0000000082c00000, 0x0000000082d00000|  0%| F|  |TAMS 0x0000000082c00000| PB 0x0000000082c00000| Untracked 
|  45|0x0000000082d00000, 0x0000000082d00000, 0x0000000082e00000|  0%| F|  |TAMS 0x0000000082d00000| PB 0x0000000082d00000| Untracked 
|  46|0x0000000082e00000, 0x0000000082e00000, 0x0000000082f00000|  0%| F|  |TAMS 0x0000000082e00000| PB 0x0000000082e00000| Untracked 
|  47|0x0000000082f00000, 0x0000000082f00000, 0x0000000083000000|  0%| F|  |TAMS 0x0000000082f00000| PB 0x0000000082f00000| Untracked 
|  48|0x0000000083000000, 0x0000000083000000, 0x0000000083100000|  0%| F|  |TAMS 0x0000000083000000| PB 0x0000000083000000| Untracked 
|  49|0x0000000083100000, 0x0000000083100000, 0x0000000083200000|  0%| F|  |TAMS 0x0000000083100000| PB 0x0000000083100000| Untracked 
|  50|0x0000000083200000, 0x0000000083200000, 0x0000000083300000|  0%| F|  |TAMS 0x0000000083200000| PB 0x0000000083200000| Untracked 
|  51|0x0000000083300000, 0x0000000083300000, 0x0000000083400000|  0%| F|  |TAMS 0x0000000083300000| PB 0x0000000083300000| Untracked 
|  52|0x0000000083400000, 0x0000000083400000, 0x0000000083500000|  0%| F|  |TAMS 0x0000000083400000| PB 0x0000000083400000| Untracked 
|  53|0x0000000083500000, 0x0000000083500000, 0x0000000083600000|  0%| F|  |TAMS 0x0000000083500000| PB 0x0000000083500000| Untracked 
|  54|0x0000000083600000, 0x0000000083600000, 0x0000000083700000|  0%| F|  |TAMS 0x0000000083600000| PB 0x0000000083600000| Untracked 
|  55|0x0000000083700000, 0x0000000083700000, 0x0000000083800000|  0%| F|  |TAMS 0x0000000083700000| PB 0x0000000083700000| Untracked 
|  56|0x0000000083800000, 0x0000000083800000, 0x0000000083900000|  0%| F|  |TAMS 0x0000000083800000| PB 0x0000000083800000| Untracked 
|  57|0x0000000083900000, 0x0000000083900000, 0x0000000083a00000|  0%| F|  |TAMS 0x0000000083900000| PB 0x0000000083900000| Untracked 
|  58|0x0000000083a00000, 0x0000000083a00000, 0x0000000083b00000|  0%| F|  |TAMS 0x0000000083a00000| PB 0x0000000083a00000| Untracked 
|  59|0x0000000083b00000, 0x0000000083b00000, 0x0000000083c00000|  0%| F|  |TAMS 0x0000000083b00000| PB 0x0000000083b00000| Untracked 
|  60|0x0000000083c00000, 0x0000000083c00000, 0x0000000083d00000|  0%| F|  |TAMS 0x0000000083c00000| PB 0x0000000083c00000| Untracked 
|  61|0x0000000083d00000, 0x0000000083d00000, 0x0000000083e00000|  0%| F|  |TAMS 0x0000000083d00000| PB 0x0000000083d00000| Untracked 
|  62|0x0000000083e00000, 0x0000000083e00000, 0x0000000083f00000|  0%| F|  |TAMS 0x0000000083e00000| PB 0x0000000083e00000| Untracked 
|  63|0x0000000083f00000, 0x0000000083f00000, 0x0000000084000000|  0%| F|  |TAMS 0x0000000083f00000| PB 0x0000000083f00000| Untracked 
|  64|0x0000000084000000, 0x0000000084000000, 0x0000000084100000|  0%| F|  |TAMS 0x0000000084000000| PB 0x0000000084000000| Untracked 
|  65|0x0000000084100000, 0x0000000084100000, 0x0000000084200000|  0%| F|  |TAMS 0x0000000084100000| PB 0x0000000084100000| Untracked 
|  66|0x0000000084200000, 0x0000000084200000, 0x0000000084300000|  0%| F|  |TAMS 0x0000000084200000| PB 0x0000000084200000| Untracked 
|  67|0x0000000084300000, 0x0000000084300000, 0x0000000084400000|  0%| F|  |TAMS 0x0000000084300000| PB 0x0000000084300000| Untracked 
|  68|0x0000000084400000, 0x0000000084400000, 0x0000000084500000|  0%| F|  |TAMS 0x0000000084400000| PB 0x0000000084400000| Untracked 
|  69|0x0000000084500000, 0x0000000084500000, 0x0000000084600000|  0%| F|  |TAMS 0x0000000084500000| PB 0x0000000084500000| Untracked 
|  70|0x0000000084600000, 0x0000000084600000, 0x0000000084700000|  0%| F|  |TAMS 0x0000000084600000| PB 0x0000000084600000| Untracked 
|  71|0x0000000084700000, 0x0000000084700000, 0x0000000084800000|  0%| F|  |TAMS 0x0000000084700000| PB 0x0000000084700000| Untracked 
|  72|0x0000000084800000, 0x0000000084800000, 0x0000000084900000|  0%| F|  |TAMS 0x0000000084800000| PB 0x0000000084800000| Untracked 
|  73|0x0000000084900000, 0x0000000084900000, 0x0000000084a00000|  0%| F|  |TAMS 0x0000000084900000| PB 0x0000000084900000| Untracked 
|  74|0x0000000084a00000, 0x0000000084a00000, 0x0000000084b00000|  0%| F|  |TAMS 0x0000000084a00000| PB 0x0000000084a00000| Untracked 
|  75|0x0000000084b00000, 0x0000000084b00000, 0x0000000084c00000|  0%| F|  |TAMS 0x0000000084b00000| PB 0x0000000084b00000| Untracked 
|  76|0x0000000084c00000, 0x0000000084c00000, 0x0000000084d00000|  0%| F|  |TAMS 0x0000000084c00000| PB 0x0000000084c00000| Untracked 
|  77|0x0000000084d00000, 0x0000000084d00000, 0x0000000084e00000|  0%| F|  |TAMS 0x0000000084d00000| PB 0x0000000084d00000| Untracked 
|  78|0x0000000084e00000, 0x0000000084e00000, 0x0000000084f00000|  0%| F|  |TAMS 0x0000000084e00000| PB 0x0000000084e00000| Untracked 
|  79|0x0000000084f00000, 0x0000000084f00000, 0x0000000085000000|  0%| F|  |TAMS 0x0000000084f00000| PB 0x0000000084f00000| Untracked 
|  80|0x0000000085000000, 0x0000000085000000, 0x0000000085100000|  0%| F|  |TAMS 0x0000000085000000| PB 0x0000000085000000| Untracked 
|  81|0x0000000085100000, 0x0000000085100000, 0x0000000085200000|  0%| F|  |TAMS 0x0000000085100000| PB 0x0000000085100000| Untracked 
|  82|0x0000000085200000, 0x0000000085200000, 0x0000000085300000|  0%| F|  |TAMS 0x0000000085200000| PB 0x0000000085200000| Untracked 
|  83|0x0000000085300000, 0x0000000085300000, 0x0000000085400000|  0%| F|  |TAMS 0x0000000085300000| PB 0x0000000085300000| Untracked 
|  84|0x0000000085400000, 0x0000000085400000, 0x0000000085500000|  0%| F|  |TAMS 0x0000000085400000| PB 0x0000000085400000| Untracked 
|  85|0x0000000085500000, 0x0000000085500000, 0x0000000085600000|  0%| F|  |TAMS 0x0000000085500000| PB 0x0000000085500000| Untracked 
|  86|0x0000000085600000, 0x0000000085600000, 0x0000000085700000|  0%| F|  |TAMS 0x0000000085600000| PB 0x0000000085600000| Untracked 
|  87|0x0000000085700000, 0x0000000085700000, 0x0000000085800000|  0%| F|  |TAMS 0x0000000085700000| PB 0x0000000085700000| Untracked 
|  88|0x0000000085800000, 0x0000000085800000, 0x0000000085900000|  0%| F|  |TAMS 0x0000000085800000| PB 0x0000000085800000| Untracked 
|  89|0x0000000085900000, 0x0000000085900000, 0x0000000085a00000|  0%| F|  |TAMS 0x0000000085900000| PB 0x0000000085900000| Untracked 
|  90|0x0000000085a00000, 0x0000000085a00000, 0x0000000085b00000|  0%| F|  |TAMS 0x0000000085a00000| PB 0x0000000085a00000| Untracked 
|  91|0x0000000085b00000, 0x0000000085b00000, 0x0000000085c00000|  0%| F|  |TAMS 0x0000000085b00000| PB 0x0000000085b00000| Untracked 
|  92|0x0000000085c00000, 0x0000000085c00000, 0x0000000085d00000|  0%| F|  |TAMS 0x0000000085c00000| PB 0x0000000085c00000| Untracked 
|  93|0x0000000085d00000, 0x0000000085d00000, 0x0000000085e00000|  0%| F|  |TAMS 0x0000000085d00000| PB 0x0000000085d00000| Untracked 
|  94|0x0000000085e00000, 0x0000000085e00000, 0x0000000085f00000|  0%| F|  |TAMS 0x0000000085e00000| PB 0x0000000085e00000| Untracked 
|  95|0x0000000085f00000, 0x0000000085f00000, 0x0000000086000000|  0%| F|  |TAMS 0x0000000085f00000| PB 0x0000000085f00000| Untracked 
|  96|0x0000000086000000, 0x0000000086000000, 0x0000000086100000|  0%| F|  |TAMS 0x0000000086000000| PB 0x0000000086000000| Untracked 
|  97|0x0000000086100000, 0x0000000086100000, 0x0000000086200000|  0%| F|  |TAMS 0x0000000086100000| PB 0x0000000086100000| Untracked 
|  98|0x0000000086200000, 0x0000000086200000, 0x0000000086300000|  0%| F|  |TAMS 0x0000000086200000| PB 0x0000000086200000| Untracked 
|  99|0x0000000086300000, 0x0000000086300000, 0x0000000086400000|  0%| F|  |TAMS 0x0000000086300000| PB 0x0000000086300000| Untracked 
| 100|0x0000000086400000, 0x0000000086400000, 0x0000000086500000|  0%| F|  |TAMS 0x0000000086400000| PB 0x0000000086400000| Untracked 
| 101|0x0000000086500000, 0x0000000086500000, 0x0000000086600000|  0%| F|  |TAMS 0x0000000086500000| PB 0x0000000086500000| Untracked 
| 102|0x0000000086600000, 0x0000000086600000, 0x0000000086700000|  0%| F|  |TAMS 0x0000000086600000| PB 0x0000000086600000| Untracked 
| 103|0x0000000086700000, 0x0000000086700000, 0x0000000086800000|  0%| F|  |TAMS 0x0000000086700000| PB 0x0000000086700000| Untracked 
| 104|0x0000000086800000, 0x0000000086800000, 0x0000000086900000|  0%| F|  |TAMS 0x0000000086800000| PB 0x0000000086800000| Untracked 
| 105|0x0000000086900000, 0x0000000086900000, 0x0000000086a00000|  0%| F|  |TAMS 0x0000000086900000| PB 0x0000000086900000| Untracked 
| 106|0x0000000086a00000, 0x0000000086a00000, 0x0000000086b00000|  0%| F|  |TAMS 0x0000000086a00000| PB 0x0000000086a00000| Untracked 
| 107|0x0000000086b00000, 0x0000000086b00000, 0x0000000086c00000|  0%| F|  |TAMS 0x0000000086b00000| PB 0x0000000086b00000| Untracked 
| 108|0x0000000086c00000, 0x0000000086c00000, 0x0000000086d00000|  0%| F|  |TAMS 0x0000000086c00000| PB 0x0000000086c00000| Untracked 
| 109|0x0000000086d00000, 0x0000000086d00000, 0x0000000086e00000|  0%| F|  |TAMS 0x0000000086d00000| PB 0x0000000086d00000| Untracked 
| 110|0x0000000086e00000, 0x0000000086e00000, 0x0000000086f00000|  0%| F|  |TAMS 0x0000000086e00000| PB 0x0000000086e00000| Untracked 
| 111|0x0000000086f00000, 0x0000000086f00000, 0x0000000087000000|  0%| F|  |TAMS 0x0000000086f00000| PB 0x0000000086f00000| Untracked 
| 112|0x0000000087000000, 0x0000000087000000, 0x0000000087100000|  0%| F|  |TAMS 0x0000000087000000| PB 0x0000000087000000| Untracked 
| 113|0x0000000087100000, 0x0000000087100000, 0x0000000087200000|  0%| F|  |TAMS 0x0000000087100000| PB 0x0000000087100000| Untracked 
| 114|0x0000000087200000, 0x0000000087200000, 0x0000000087300000|  0%| F|  |TAMS 0x0000000087200000| PB 0x0000000087200000| Untracked 
| 115|0x0000000087300000, 0x0000000087300000, 0x0000000087400000|  0%| F|  |TAMS 0x0000000087300000| PB 0x0000000087300000| Untracked 
| 116|0x0000000087400000, 0x0000000087400000, 0x0000000087500000|  0%| F|  |TAMS 0x0000000087400000| PB 0x0000000087400000| Untracked 
| 117|0x0000000087500000, 0x0000000087500000, 0x0000000087600000|  0%| F|  |TAMS 0x0000000087500000| PB 0x0000000087500000| Untracked 
| 118|0x0000000087600000, 0x0000000087600000, 0x0000000087700000|  0%| F|  |TAMS 0x0000000087600000| PB 0x0000000087600000| Untracked 
| 119|0x0000000087700000, 0x0000000087700000, 0x0000000087800000|  0%| F|  |TAMS 0x0000000087700000| PB 0x0000000087700000| Untracked 
| 120|0x0000000087800000, 0x0000000087900000, 0x0000000087900000|100%| E|  |TAMS 0x0000000087800000| PB 0x0000000087800000| Complete 
| 121|0x0000000087900000, 0x0000000087a00000, 0x0000000087a00000|100%| E|CS|TAMS 0x0000000087900000| PB 0x0000000087900000| Complete 
| 122|0x0000000087a00000, 0x0000000087b00000, 0x0000000087b00000|100%| E|CS|TAMS 0x0000000087a00000| PB 0x0000000087a00000| Complete 
| 123|0x0000000087b00000, 0x0000000087c00000, 0x0000000087c00000|100%| E|CS|TAMS 0x0000000087b00000| PB 0x0000000087b00000| Complete 
| 124|0x0000000087c00000, 0x0000000087d00000, 0x0000000087d00000|100%| E|CS|TAMS 0x0000000087c00000| PB 0x0000000087c00000| Complete 
| 125|0x0000000087d00000, 0x0000000087e00000, 0x0000000087e00000|100%| E|CS|TAMS 0x0000000087d00000| PB 0x0000000087d00000| Complete 
| 126|0x0000000087e00000, 0x0000000087f00000, 0x0000000087f00000|100%| E|CS|TAMS 0x0000000087e00000| PB 0x0000000087e00000| Complete 
| 127|0x0000000087f00000, 0x0000000088000000, 0x0000000088000000|100%| E|CS|TAMS 0x0000000087f00000| PB 0x0000000087f00000| Complete 

Card table byte_map: [0x00000237e82c0000,0x00000237e86c0000] _byte_map_base: 0x00000237e7ec0000

Marking Bits: (CMBitMap*) 0x00000237d4c422a0
 Bits: [0x00000237e86c0000, 0x00000237ea6c0000)

Polling page: 0x00000237d2bc0000

Metaspace:

Usage:
  Non-class:     15.54 MB used.
      Class:      1.94 MB used.
       Both:     17.48 MB used.

Virtual space:
  Non-class space:       64.00 MB reserved,      16.00 MB ( 25%) committed,  1 nodes.
      Class space:        1.00 GB reserved,       2.19 MB ( <1%) committed,  1 nodes.
             Both:        1.06 GB reserved,      18.19 MB (  2%) committed. 

Chunk freelists:
   Non-Class:  15.95 MB
       Class:  13.96 MB
        Both:  29.91 MB

MaxMetaspaceSize: unlimited
CompressedClassSpaceSize: 1.00 GB
Initial GC threshold: 21.00 MB
Current GC threshold: 30.31 MB
CDS: on
 - commit_granule_bytes: 65536.
 - commit_granule_words: 8192.
 - virtual_space_node_default_size: 8388608.
 - enlarge_chunks_in_place: 1.
 - use_allocation_guard: 0.


Internal statistics:

num_allocs_failed_limit: 0.
num_arena_births: 584.
num_arena_deaths: 270.
num_vsnodes_births: 2.
num_vsnodes_deaths: 0.
num_space_committed: 291.
num_space_uncommitted: 0.
num_chunks_returned_to_freelist: 365.
num_chunks_taken_from_freelist: 1092.
num_chunk_merges: 92.
num_chunk_splits: 660.
num_chunks_enlarged: 297.
num_inconsistent_stats: 0.

CodeHeap 'non-profiled nmethods': size=120000Kb used=1687Kb max_used=1687Kb free=118312Kb
 bounds [0x00000237e0660000, 0x00000237e08d0000, 0x00000237e7b90000]
CodeHeap 'profiled nmethods': size=120000Kb used=4977Kb max_used=6041Kb free=115022Kb
 bounds [0x00000237d8b90000, 0x00000237d9180000, 0x00000237e00c0000]
CodeHeap 'non-nmethods': size=5760Kb used=1514Kb max_used=1578Kb free=4245Kb
 bounds [0x00000237e00c0000, 0x00000237e0330000, 0x00000237e0660000]
 total_blobs=3287 nmethods=2701 adapters=490
 compilation: enabled
              stopped_count=0, restarted_count=0
 full_count=0

Compilation events (20 events):
Event: 18901.116 Thread 0x00000237ed0ff9f0 3171       1       sun.rmi.transport.tcp.TCPConnection::isReusable (2 bytes)
Event: 18901.116 Thread 0x00000237ed0ff9f0 nmethod 3171 0x00000237e0789490 code [0x00000237e0789620, 0x00000237e07896e8]
Event: 18987.994 Thread 0x00000237ed0fdf50 3172       4       java.rmi.server.ObjID::read (22 bytes)
Event: 18988.004 Thread 0x00000237ed0fdf50 nmethod 3172 0x00000237e0788190 code [0x00000237e07883c0, 0x00000237e0788ae0]
Event: 18996.996 Thread 0x00000237ed0fdf50 3173       4       sun.rmi.transport.StreamRemoteCall::<init> (35 bytes)
Event: 18996.999 Thread 0x00000237ed0fdf50 nmethod 3173 0x00000237e07f7e10 code [0x00000237e07f7fa0, 0x00000237e07f8290]
Event: 19201.127 Thread 0x00000237ed0ff9f0 3174       3       java.io.DataOutputStream::writeInt (28 bytes)
Event: 19201.128 Thread 0x00000237ed0ff9f0 nmethod 3174 0x00000237d8c8bc90 code [0x00000237d8c8bec0, 0x00000237d8c8c628]
Event: 19231.041 Thread 0x00000237ed0fdf50 3175   !   4       sun.rmi.transport.StreamRemoteCall::releaseOutputStream (60 bytes)
Event: 19231.083 Thread 0x00000237ed0fdf50 nmethod 3175 0x00000237e07f8310 code [0x00000237e07f86e0, 0x00000237e07fa978]
Event: 19474.085 Thread 0x00000237ed0fdf50 3176   !   4       sun.rmi.transport.Transport::serviceCall (370 bytes)
Event: 19474.139 Thread 0x00000237ed0fdf50 nmethod 3176 0x00000237e07fc010 code [0x00000237e07fc540, 0x00000237e07ff328]
Event: 19474.140 Thread 0x00000237ed0fdf50 3177       4       sun.rmi.transport.Transport$1::run (5 bytes)
Event: 19474.141 Thread 0x00000237ed0fdf50 nmethod 3177 0x00000237e0801690 code [0x00000237e0801840, 0x00000237e0801968]
Event: 19771.160 Thread 0x00000237ed0fdf50 3178   !   4       sun.rmi.transport.StreamRemoteCall::releaseOutputStream (60 bytes)
Event: 19771.160 Thread 0x00000237ed0ff9f0 3179       2       java.io.ObjectOutputStream::flush (8 bytes)
Event: 19771.160 Thread 0x00000237ed0ff9f0 nmethod 3179 0x00000237d8beb890 code [0x00000237d8beba40, 0x00000237d8bebba8]
Event: 19771.198 Thread 0x00000237ed0fdf50 nmethod 3178 0x00000237e0801b10 code [0x00000237e0801ee0, 0x00000237e08042a0]
Event: 21349.389 Thread 0x00000237ed0fdf50 3180       4       java.util.concurrent.ScheduledThreadPoolExecutor$ScheduledFutureTask::getDelay (16 bytes)
Event: 21349.391 Thread 0x00000237ed0fdf50 nmethod 3180 0x00000237e0805a10 code [0x00000237e0805ba0, 0x00000237e0805cf8]

GC Heap History (15 events):
Event: 0.811 GC heap before
{Heap before GC invocations=0 (full 0):
 garbage-first heap   total 131072K, used 26624K [0x0000000080000000, 0x0000000100000000)
  region size 1024K, 23 young (23552K), 0 survivors (0K)
 Metaspace       used 8284K, committed 8704K, reserved 1114112K
  class space    used 1041K, committed 1216K, reserved 1048576K
}
Event: 0.817 GC heap after
{Heap after GC invocations=1 (full 0):
 garbage-first heap   total 131072K, used 9312K [0x0000000080000000, 0x0000000100000000)
  region size 1024K, 3 young (3072K), 3 survivors (3072K)
 Metaspace       used 8284K, committed 8704K, reserved 1114112K
  class space    used 1041K, committed 1216K, reserved 1048576K
}
Event: 342.679 GC heap before
{Heap before GC invocations=1 (full 0):
 garbage-first heap   total 131072K, used 36960K [0x0000000080000000, 0x0000000100000000)
  region size 1024K, 31 young (31744K), 3 survivors (3072K)
 Metaspace       used 18043K, committed 18496K, reserved 1114112K
  class space    used 2057K, committed 2240K, reserved 1048576K
}
Event: 342.686 GC heap after
{Heap after GC invocations=2 (full 0):
 garbage-first heap   total 131072K, used 12813K [0x0000000080000000, 0x0000000100000000)
  region size 1024K, 4 young (4096K), 4 survivors (4096K)
 Metaspace       used 18043K, committed 18496K, reserved 1114112K
  class space    used 2057K, committed 2240K, reserved 1048576K
}
Event: 3600.007 GC heap before
{Heap before GC invocations=2 (full 0):
 garbage-first heap   total 131072K, used 22029K [0x0000000080000000, 0x0000000100000000)
  region size 1024K, 14 young (14336K), 4 survivors (4096K)
 Metaspace       used 18180K, committed 18624K, reserved 1114112K
  class space    used 2058K, committed 2240K, reserved 1048576K
}
Event: 3600.027 GC heap after
{Heap after GC invocations=3 (full 1):
 garbage-first heap   total 131072K, used 12035K [0x0000000080000000, 0x0000000100000000)
  region size 1024K, 0 young (0K), 0 survivors (0K)
 Metaspace       used 18125K, committed 18624K, reserved 1114112K
  class space    used 2045K, committed 2240K, reserved 1048576K
}
Event: 7200.028 GC heap before
{Heap before GC invocations=3 (full 1):
 garbage-first heap   total 131072K, used 20227K [0x0000000080000000, 0x0000000100000000)
  region size 1024K, 9 young (9216K), 0 survivors (0K)
 Metaspace       used 18125K, committed 18624K, reserved 1114112K
  class space    used 2045K, committed 2240K, reserved 1048576K
}
Event: 7200.045 GC heap after
{Heap after GC invocations=4 (full 2):
 garbage-first heap   total 131072K, used 11383K [0x0000000080000000, 0x0000000100000000)
  region size 1024K, 0 young (0K), 0 survivors (0K)
 Metaspace       used 17874K, committed 18624K, reserved 1114112K
  class space    used 1986K, committed 2240K, reserved 1048576K
}
Event: 10800.058 GC heap before
{Heap before GC invocations=4 (full 2):
 garbage-first heap   total 131072K, used 18551K [0x0000000080000000, 0x0000000100000000)
  region size 1024K, 8 young (8192K), 0 survivors (0K)
 Metaspace       used 17885K, committed 18624K, reserved 1114112K
  class space    used 1986K, committed 2240K, reserved 1048576K
}
Event: 10800.071 GC heap after
{Heap after GC invocations=5 (full 3):
 garbage-first heap   total 131072K, used 11379K [0x0000000080000000, 0x0000000100000000)
  region size 1024K, 0 young (0K), 0 survivors (0K)
 Metaspace       used 17885K, committed 18624K, reserved 1114112K
  class space    used 1986K, committed 2240K, reserved 1048576K
}
Event: 14400.086 GC heap before
{Heap before GC invocations=5 (full 3):
 garbage-first heap   total 131072K, used 17523K [0x0000000080000000, 0x0000000100000000)
  region size 1024K, 7 young (7168K), 0 survivors (0K)
 Metaspace       used 17896K, committed 18624K, reserved 1114112K
  class space    used 1986K, committed 2240K, reserved 1048576K
}
Event: 14400.100 GC heap after
{Heap after GC invocations=6 (full 4):
 garbage-first heap   total 131072K, used 11379K [0x0000000080000000, 0x0000000100000000)
  region size 1024K, 0 young (0K), 0 survivors (0K)
 Metaspace       used 17896K, committed 18624K, reserved 1114112K
  class space    used 1986K, committed 2240K, reserved 1048576K
}
Event: 18000.103 GC heap before
{Heap before GC invocations=6 (full 4):
 garbage-first heap   total 131072K, used 18547K [0x0000000080000000, 0x0000000100000000)
  region size 1024K, 8 young (8192K), 0 survivors (0K)
 Metaspace       used 17900K, committed 18624K, reserved 1114112K
  class space    used 1986K, committed 2240K, reserved 1048576K
}
Event: 18000.117 GC heap after
{Heap after GC invocations=7 (full 5):
 garbage-first heap   total 131072K, used 11381K [0x0000000080000000, 0x0000000100000000)
  region size 1024K, 0 young (0K), 0 survivors (0K)
 Metaspace       used 17900K, committed 18624K, reserved 1114112K
  class space    used 1986K, committed 2240K, reserved 1048576K
}
Event: 21600.129 GC heap before
{Heap before GC invocations=7 (full 5):
 garbage-first heap   total 131072K, used 18549K [0x0000000080000000, 0x0000000100000000)
  region size 1024K, 8 young (8192K), 0 survivors (0K)
 Metaspace       used 17903K, committed 18624K, reserved 1114112K
  class space    used 1986K, committed 2240K, reserved 1048576K
}

Dll operation events (2 events):
Event: 0.005 Loaded shared library D:\Softwares\IntelliJ IDEA 2024.3\jbr\bin\java.dll
Event: 0.031 Loaded shared library D:\Softwares\IntelliJ IDEA 2024.3\jbr\bin\zip.dll

Deoptimization events (20 events):
Event: 7200.831 Thread 0x00000237edacb530 Uncommon trap: trap_request=0xffffff45 fr.pc=0x00000237e0783bd0 relative=0x00000000000002f0
Event: 7200.831 Thread 0x00000237edacb530 Uncommon trap: reason=unstable_if action=reinterpret pc=0x00000237e0783bd0 method=java.lang.ClassValue.match(Ljava/lang/ClassValue$Entry;)Z @ 12 c2
Event: 7200.831 Thread 0x00000237edacb530 DEOPT PACKING pc=0x00000237e0783bd0 sp=0x0000005cc8efea00
Event: 7200.831 Thread 0x00000237edacb530 DEOPT UNPACKING pc=0x00000237e01146a2 sp=0x0000005cc8efe8d0 mode 2
Event: 19240.044 Thread 0x00000237ed83d030 Uncommon trap: trap_request=0xffffffd6 fr.pc=0x00000237e07f9cb8 relative=0x00000000000015d8
Event: 19240.044 Thread 0x00000237ed83d030 Uncommon trap: reason=array_check action=maybe_recompile pc=0x00000237e07f9cb8 method=java.util.concurrent.ScheduledThreadPoolExecutor$DelayedWorkQueue.siftUp(ILjava/util/concurrent/RunnableScheduledFuture;)V @ 57 c2
Event: 19240.044 Thread 0x00000237ed83d030 DEOPT PACKING pc=0x00000237e07f9cb8 sp=0x0000005cc95febd0
Event: 19240.044 Thread 0x00000237ed83d030 DEOPT UNPACKING pc=0x00000237e01146a2 sp=0x0000005cc95fe828 mode 2
Event: 19249.046 Thread 0x00000237ed83d030 Uncommon trap: trap_request=0xffffffd6 fr.pc=0x00000237e07f9cb8 relative=0x00000000000015d8
Event: 19249.046 Thread 0x00000237ed83d030 Uncommon trap: reason=array_check action=maybe_recompile pc=0x00000237e07f9cb8 method=java.util.concurrent.ScheduledThreadPoolExecutor$DelayedWorkQueue.siftUp(ILjava/util/concurrent/RunnableScheduledFuture;)V @ 57 c2
Event: 19249.046 Thread 0x00000237ed83d030 DEOPT PACKING pc=0x00000237e07f9cb8 sp=0x0000005cc95febd0
Event: 19249.046 Thread 0x00000237ed83d030 DEOPT UNPACKING pc=0x00000237e01146a2 sp=0x0000005cc95fe828 mode 2
Event: 19258.048 Thread 0x00000237ed83d030 Uncommon trap: trap_request=0xffffffd6 fr.pc=0x00000237e07f9cb8 relative=0x00000000000015d8
Event: 19258.048 Thread 0x00000237ed83d030 Uncommon trap: reason=array_check action=maybe_recompile pc=0x00000237e07f9cb8 method=java.util.concurrent.ScheduledThreadPoolExecutor$DelayedWorkQueue.siftUp(ILjava/util/concurrent/RunnableScheduledFuture;)V @ 57 c2
Event: 19258.048 Thread 0x00000237ed83d030 DEOPT PACKING pc=0x00000237e07f9cb8 sp=0x0000005cc95febd0
Event: 19258.048 Thread 0x00000237ed83d030 DEOPT UNPACKING pc=0x00000237e01146a2 sp=0x0000005cc95fe828 mode 2
Event: 19267.050 Thread 0x00000237ed83d030 Uncommon trap: trap_request=0xffffffd6 fr.pc=0x00000237e07f9cb8 relative=0x00000000000015d8
Event: 19267.050 Thread 0x00000237ed83d030 Uncommon trap: reason=array_check action=maybe_recompile pc=0x00000237e07f9cb8 method=java.util.concurrent.ScheduledThreadPoolExecutor$DelayedWorkQueue.siftUp(ILjava/util/concurrent/RunnableScheduledFuture;)V @ 57 c2
Event: 19267.050 Thread 0x00000237ed83d030 DEOPT PACKING pc=0x00000237e07f9cb8 sp=0x0000005cc95febd0
Event: 19267.050 Thread 0x00000237ed83d030 DEOPT UNPACKING pc=0x00000237e01146a2 sp=0x0000005cc95fe828 mode 2

Classes loaded (20 events):
Event: 1.586 Loading class java/util/regex/Pattern$Pos
Event: 1.586 Loading class java/util/regex/Pattern$Pos done
Event: 1.881 Loading class java/io/ObjectOutputStream$PutFieldImpl
Event: 1.882 Loading class java/io/ObjectOutputStream$PutField
Event: 1.882 Loading class java/io/ObjectOutputStream$PutField done
Event: 1.882 Loading class java/io/ObjectOutputStream$PutFieldImpl done
Event: 1.882 Loading class java/math/BigDecimal$UnsafeHolder
Event: 1.882 Loading class java/math/BigDecimal$UnsafeHolder done
Event: 2.168 Loading class sun/security/ssl/Alert
Event: 2.168 Loading class sun/security/ssl/Alert done
Event: 2.168 Loading class sun/security/ssl/Alert$AlertConsumer
Event: 2.168 Loading class sun/security/ssl/Alert$AlertConsumer done
Event: 2.168 Loading class sun/security/ssl/Alert$Level
Event: 2.169 Loading class sun/security/ssl/Alert$Level done
Event: 2.169 Loading class java/io/InterruptedIOException
Event: 2.169 Loading class java/io/InterruptedIOException done
Event: 2.170 Loading class java/lang/StackTraceElement$HashedModules
Event: 2.170 Loading class java/lang/StackTraceElement$HashedModules done
Event: 15.690 Loading class java/util/ArrayList$ListItr
Event: 15.690 Loading class java/util/ArrayList$ListItr done

Classes unloaded (20 events):
Event: 7200.033 Thread 0x00000237ed0cf3b0 Unloading class 0x000002378108e000 'java/lang/invoke/LambdaForm$MH+0x000002378108e000'
Event: 7200.033 Thread 0x00000237ed0cf3b0 Unloading class 0x000002378108d800 'java/lang/invoke/LambdaForm$MH+0x000002378108d800'
Event: 7200.033 Thread 0x00000237ed0cf3b0 Unloading class 0x000002378108cc00 'java/lang/invoke/LambdaForm$MH+0x000002378108cc00'
Event: 7200.033 Thread 0x00000237ed0cf3b0 Unloading class 0x000002378108c800 'java/lang/invoke/LambdaForm$MH+0x000002378108c800'
Event: 7200.033 Thread 0x00000237ed0cf3b0 Unloading class 0x000002378108c000 'java/lang/invoke/LambdaForm$MH+0x000002378108c000'
Event: 7200.033 Thread 0x00000237ed0cf3b0 Unloading class 0x000002378108b800 'java/lang/invoke/LambdaForm$DMH+0x000002378108b800'
Event: 7200.033 Thread 0x00000237ed0cf3b0 Unloading class 0x000002378108b000 'java/lang/invoke/LambdaForm$DMH+0x000002378108b000'
Event: 7200.033 Thread 0x00000237ed0cf3b0 Unloading class 0x0000023781089c00 'java/lang/invoke/LambdaForm$MH+0x0000023781089c00'
Event: 7200.033 Thread 0x00000237ed0cf3b0 Unloading class 0x0000023781089800 'java/lang/invoke/LambdaForm$MH+0x0000023781089800'
Event: 7200.033 Thread 0x00000237ed0cf3b0 Unloading class 0x0000023781086000 'java/lang/invoke/LambdaForm$MH+0x0000023781086000'
Event: 7200.033 Thread 0x00000237ed0cf3b0 Unloading class 0x0000023781084400 'java/lang/invoke/LambdaForm$MH+0x0000023781084400'
Event: 7200.033 Thread 0x00000237ed0cf3b0 Unloading class 0x0000023781084000 'java/lang/invoke/LambdaForm$MH+0x0000023781084000'
Event: 7200.033 Thread 0x00000237ed0cf3b0 Unloading class 0x0000023781082000 'java/lang/invoke/LambdaForm$DMH+0x0000023781082000'
Event: 7200.033 Thread 0x00000237ed0cf3b0 Unloading class 0x0000023781081800 'java/lang/invoke/LambdaForm$DMH+0x0000023781081800'
Event: 7200.033 Thread 0x00000237ed0cf3b0 Unloading class 0x0000023781081000 'java/lang/invoke/LambdaForm$DMH+0x0000023781081000'
Event: 7200.033 Thread 0x00000237ed0cf3b0 Unloading class 0x000002378103f400 'java/lang/invoke/LambdaForm$MH+0x000002378103f400'
Event: 7200.033 Thread 0x00000237ed0cf3b0 Unloading class 0x000002378103f000 'java/lang/invoke/LambdaForm$MH+0x000002378103f000'
Event: 7200.033 Thread 0x00000237ed0cf3b0 Unloading class 0x000002378103d000 'java/lang/invoke/LambdaForm$MH+0x000002378103d000'
Event: 7200.033 Thread 0x00000237ed0cf3b0 Unloading class 0x000002378103c000 'java/lang/invoke/LambdaForm$DMH+0x000002378103c000'
Event: 7200.033 Thread 0x00000237ed0cf3b0 Unloading class 0x0000023781004400 'java/lang/invoke/LambdaForm$MH+0x0000023781004400'

Classes redefined (0 events):
No events

Internal exceptions (20 events):
Event: 1.429 Thread 0x00000237edacc8e0 Exception <a 'java/lang/NoSuchMethodError'{0x0000000086f31260}: 'int java.lang.invoke.DirectMethodHandle$Holder.invokeSpecial(java.lang.Object, java.lang.Object, java.lang.Object, int)'> (0x0000000086f31260) 
thrown [s\src\hotspot\share\interpreter\linkResolver.cpp, line 784]
Event: 1.430 Thread 0x00000237edacc8e0 Exception <a 'java/lang/NoSuchMethodError'{0x0000000086f43768}: 'java.lang.Object java.lang.invoke.DirectMethodHandle$Holder.invokeStatic(java.lang.Object, java.lang.Object, java.lang.Object, java.lang.Object, int)'> (0x0000000086f43768) 
thrown [s\src\hotspot\share\interpreter\linkResolver.cpp, line 784]
Event: 1.440 Thread 0x00000237edacc8e0 Exception <a 'java/lang/NoSuchMethodError'{0x0000000086f6ec80}: 'void java.lang.invoke.DirectMethodHandle$Holder.invokeInterface(java.lang.Object, java.lang.Object, int)'> (0x0000000086f6ec80) 
thrown [s\src\hotspot\share\interpreter\linkResolver.cpp, line 784]
Event: 1.441 Thread 0x00000237edacc8e0 Exception <a 'java/lang/NoSuchMethodError'{0x0000000086f72b08}: 'void java.lang.invoke.DelegatingMethodHandle$Holder.reinvoke_L(java.lang.Object, java.lang.Object, int)'> (0x0000000086f72b08) 
thrown [s\src\hotspot\share\interpreter\linkResolver.cpp, line 784]
Event: 1.531 Thread 0x00000237edacc8e0 Exception <a 'java/lang/NoSuchMethodError'{0x0000000086d55e30}: 'java.lang.Object java.lang.invoke.DirectMethodHandle$Holder.invokeInterface(java.lang.Object, java.lang.Object, int)'> (0x0000000086d55e30) 
thrown [s\src\hotspot\share\interpreter\linkResolver.cpp, line 784]
Event: 1.546 Thread 0x00000237edacc8e0 Exception <a 'java/lang/NoSuchMethodError'{0x0000000086d821b8}: 'void java.lang.invoke.DirectMethodHandle$Holder.invokeInterface(java.lang.Object, java.lang.Object)'> (0x0000000086d821b8) 
thrown [s\src\hotspot\share\interpreter\linkResolver.cpp, line 784]
Event: 1.587 Thread 0x00000237edacc8e0 Exception <a 'java/lang/NoSuchMethodError'{0x0000000086c85d18}: static Lcom/intellij/database/remote/jdba/core/ConnectionInfo;.<clinit>()V> (0x0000000086c85d18) 
thrown [s\src\hotspot\share\prims\jni.cpp, line 1135]
Event: 1.588 Thread 0x00000237edacc8e0 Exception <a 'java/lang/NoSuchMethodError'{0x0000000086c90870}: static Ljava/lang/Object;.<clinit>()V> (0x0000000086c90870) 
thrown [s\src\hotspot\share\prims\jni.cpp, line 1135]
Event: 1.588 Thread 0x00000237edacc8e0 Exception <a 'java/lang/NoSuchMethodError'{0x0000000086c94e50}: static [I.<clinit>()V> (0x0000000086c94e50) 
thrown [s\src\hotspot\share\prims\jni.cpp, line 1135]
Event: 1.607 Thread 0x00000237edacc8e0 Exception <a 'java/lang/NoSuchMethodError'{0x0000000086cb90f0}: 'java.lang.Object java.lang.invoke.DirectMethodHandle$Holder.invokeInterface(java.lang.Object, java.lang.Object, java.lang.Object, java.lang.Object)'> (0x0000000086cb90f0) 
thrown [s\src\hotspot\share\interpreter\linkResolver.cpp, line 784]
Event: 1.654 Thread 0x00000237edacc8e0 Exception <a 'java/lang/NoSuchMethodError'{0x0000000086bc0420}: static Lcom/intellij/database/remote/jdba/core/ResultLayout;.<clinit>()V> (0x0000000086bc0420) 
thrown [s\src\hotspot\share\prims\jni.cpp, line 1135]
Event: 1.656 Thread 0x00000237edacc8e0 Exception <a 'java/lang/NoSuchMethodError'{0x0000000086bcd5e8}: static Lcom/intellij/database/remote/jdba/core/RowLayout;.<clinit>()V> (0x0000000086bcd5e8) 
thrown [s\src\hotspot\share\prims\jni.cpp, line 1135]
Event: 1.657 Thread 0x00000237edacc8e0 Exception <a 'java/lang/NoSuchMethodError'{0x0000000086bd9090}: static Lcom/intellij/database/remote/jdba/util/NameAndClass;.<clinit>()V> (0x0000000086bd9090) 
thrown [s\src\hotspot\share\prims\jni.cpp, line 1135]
Event: 1.658 Thread 0x00000237edacc8e0 Exception <a 'java/lang/NoSuchMethodError'{0x0000000086bdbda0}: 'java.lang.Object java.lang.invoke.DirectMethodHandle$Holder.invokeInterface(java.lang.Object, java.lang.Object, int, java.lang.Object)'> (0x0000000086bdbda0) 
thrown [s\src\hotspot\share\interpreter\linkResolver.cpp, line 784]
Event: 1.658 Thread 0x00000237edacc8e0 Exception <a 'java/lang/NoSuchMethodError'{0x0000000086bdff40}: 'java.lang.Object java.lang.invoke.DirectMethodHandle$Holder.invokeSpecial(java.lang.Object, java.lang.Object, java.lang.Object, int, java.lang.Object)'> (0x0000000086bdff40) 
thrown [s\src\hotspot\share\interpreter\linkResolver.cpp, line 784]
Event: 1.700 Thread 0x00000237edacc8e0 Exception <a 'java/lang/NoSuchMethodError'{0x0000000086a57790}: static [Ljava/lang/String;.<clinit>()V> (0x0000000086a57790) 
thrown [s\src\hotspot\share\prims\jni.cpp, line 1135]
Event: 1.792 Thread 0x00000237edacc8e0 Exception <a 'java/lang/NoSuchMethodError'{0x0000000086af2ff0}: static [Ljava/lang/Object;.<clinit>()V> (0x0000000086af2ff0) 
thrown [s\src\hotspot\share\prims\jni.cpp, line 1135]
Event: 2.169 Thread 0x00000237edacc8e0 Exception <a 'java/io/IOException'{0x000000008623d278}> (0x000000008623d278) 
thrown [s\src\hotspot\share\prims\jni.cpp, line 535]
Event: 300.683 Thread 0x00000237edacb530 Implicit null exception at 0x00000237e077706b to 0x00000237e0777110
Event: 300.683 Thread 0x00000237edacb530 Implicit null exception at 0x00000237e0776775 to 0x00000237e0776834

ZGC Phase Switch (0 events):
No events

VM Operations (20 events):
Event: 10800.071 Executing VM operation: G1CollectFull (System.gc()) done
Event: 13422.732 Executing VM operation: Cleanup
Event: 13422.733 Executing VM operation: Cleanup done
Event: 13501.273 Executing VM operation: Cleanup
Event: 13501.273 Executing VM operation: Cleanup done
Event: 14400.086 Executing VM operation: G1CollectFull (System.gc())
Event: 14400.100 Executing VM operation: G1CollectFull (System.gc()) done
Event: 15518.323 Executing VM operation: Cleanup
Event: 15518.323 Executing VM operation: Cleanup done
Event: 16341.122 Executing VM operation: Cleanup
Event: 16341.122 Executing VM operation: Cleanup done
Event: 18000.103 Executing VM operation: G1CollectFull (System.gc())
Event: 18000.117 Executing VM operation: G1CollectFull (System.gc()) done
Event: 19299.878 Executing VM operation: HandshakeAllThreads (HandshakeForDeflation)
Event: 19299.878 Executing VM operation: HandshakeAllThreads (HandshakeForDeflation) done
Event: 19299.878 Executing VM operation: RendezvousGCThreads
Event: 19299.878 Executing VM operation: RendezvousGCThreads done
Event: 19501.361 Executing VM operation: Cleanup
Event: 19501.361 Executing VM operation: Cleanup done
Event: 21600.129 Executing VM operation: G1CollectFull (System.gc())

Memory protections (0 events):
No events

Nmethod flushes (20 events):
Event: 14400.093 Thread 0x00000237ed0cf3b0 flushing  nmethod 0x00000237d8cce410
Event: 14400.093 Thread 0x00000237ed0cf3b0 flushing  nmethod 0x00000237d8feb290
Event: 14400.093 Thread 0x00000237ed0cf3b0 flushing  nmethod 0x00000237d8febb90
Event: 14400.093 Thread 0x00000237ed0cf3b0 flushing  nmethod 0x00000237d8ff2190
Event: 14400.093 Thread 0x00000237ed0cf3b0 flushing  nmethod 0x00000237d8ff2590
Event: 14400.093 Thread 0x00000237ed0cf3b0 flushing  nmethod 0x00000237d8ff3110
Event: 14400.093 Thread 0x00000237ed0cf3b0 flushing  nmethod 0x00000237d901b790
Event: 18000.110 Thread 0x00000237ed0cf3b0 flushing  nmethod 0x00000237d8fce410
Event: 18000.110 Thread 0x00000237ed0cf3b0 flushing  nmethod 0x00000237d8fd5b10
Event: 18000.110 Thread 0x00000237ed0cf3b0 flushing  nmethod 0x00000237d9024210
Event: 18000.110 Thread 0x00000237ed0cf3b0 flushing  nmethod 0x00000237d9112010
Event: 18000.110 Thread 0x00000237ed0cf3b0 flushing  nmethod 0x00000237d9117890
Event: 18000.110 Thread 0x00000237ed0cf3b0 flushing  nmethod 0x00000237d9118710
Event: 18000.110 Thread 0x00000237ed0cf3b0 flushing  nmethod 0x00000237d915a790
Event: 18000.110 Thread 0x00000237ed0cf3b0 flushing  nmethod 0x00000237d8f7c110
Event: 18000.110 Thread 0x00000237ed0cf3b0 flushing  nmethod 0x00000237d9004110
Event: 18000.110 Thread 0x00000237ed0cf3b0 flushing  nmethod 0x00000237d9046010
Event: 18000.110 Thread 0x00000237ed0cf3b0 flushing  nmethod 0x00000237d9047e10
Event: 18000.110 Thread 0x00000237ed0cf3b0 flushing  nmethod 0x00000237d8fee610
Event: 18000.110 Thread 0x00000237ed0cf3b0 flushing  nmethod 0x00000237d9102010

Events (20 events):
Event: 0.509 Thread 0x00000237d4be78f0 Thread added: 0x00000237ed768750
Event: 0.537 Thread 0x00000237ed87a570 Thread added: 0x00000237ed83d030
Event: 0.538 Thread 0x00000237ed87a570 Thread added: 0x00000237ed83dea0
Event: 0.572 Thread 0x00000237ed83dea0 Thread added: 0x00000237edb5f620
Event: 0.577 Thread 0x00000237edb4e480 Thread added: 0x00000237edacc250
Event: 0.578 Thread 0x00000237edb4e480 Thread added: 0x00000237edacc8e0
Event: 0.675 Thread 0x00000237ed4b6420 Thread exited: 0x00000237ed4b6420
Event: 0.675 Thread 0x00000237ed4b5d80 Thread exited: 0x00000237ed4b5d80
Event: 0.680 Thread 0x00000237edacc8e0 Thread added: 0x00000237edacb530
Event: 0.793 Thread 0x00000237ed0ff9f0 Thread added: 0x00000237edc83bd0
Event: 0.952 Loaded shared library D:\Softwares\IntelliJ IDEA 2024.3\jbr\bin\sunmscapi.dll
Event: 1.106 Thread 0x00000237ed0ff9f0 Thread added: 0x00000237edee8760
Event: 1.938 Thread 0x00000237edc83bd0 Thread exited: 0x00000237edc83bd0
Event: 1.938 Thread 0x00000237edee8760 Thread exited: 0x00000237edee8760
Event: 22.452 Thread 0x00000237edacc8e0 Thread added: 0x00000237edacbbc0
Event: 22.452 Thread 0x00000237edacc8e0 Thread added: 0x00000237f2f42250
Event: 22.452 Thread 0x00000237f2f42250 Thread exited: 0x00000237f2f42250
Event: 22.452 Thread 0x00000237edacbbc0 Thread exited: 0x00000237edacbbc0
Event: 75.591 Thread 0x00000237edacc250 Thread exited: 0x00000237edacc250
Event: 90.579 Thread 0x00000237ed83dea0 Thread exited: 0x00000237ed83dea0


Dynamic libraries:
0x00007ff69e290000 - 0x00007ff69e29a000 	D:\Softwares\IntelliJ IDEA 2024.3\jbr\bin\java.exe
0x00007ff829450000 - 0x00007ff829648000 	C:\Windows\SYSTEM32\ntdll.dll
0x00007ff827550000 - 0x00007ff82760f000 	C:\Windows\System32\KERNEL32.DLL
0x00007ff826dc0000 - 0x00007ff8270b6000 	C:\Windows\System32\KERNELBASE.dll
0x00007ff826b60000 - 0x00007ff826c60000 	C:\Windows\System32\ucrtbase.dll
0x00007ff80c0b0000 - 0x00007ff80c0cb000 	D:\Softwares\IntelliJ IDEA 2024.3\jbr\bin\VCRUNTIME140.dll
0x00007ff810ea0000 - 0x00007ff810eb8000 	D:\Softwares\IntelliJ IDEA 2024.3\jbr\bin\jli.dll
0x00007ff829260000 - 0x00007ff8293fd000 	C:\Windows\System32\USER32.dll
0x00007ff826b30000 - 0x00007ff826b52000 	C:\Windows\System32\win32u.dll
0x00007ff814080000 - 0x00007ff81431a000 	C:\Windows\WinSxS\amd64_microsoft.windows.common-controls_6595b64144ccf1df_6.0.19041.1110_none_60b5254171f9507e\COMCTL32.dll
0x00007ff828530000 - 0x00007ff82855c000 	C:\Windows\System32\GDI32.dll
0x00007ff8274b0000 - 0x00007ff82754e000 	C:\Windows\System32\msvcrt.dll
0x00007ff8272f0000 - 0x00007ff827405000 	C:\Windows\System32\gdi32full.dll
0x00007ff827410000 - 0x00007ff8274ad000 	C:\Windows\System32\msvcp_win.dll
0x00007ff828080000 - 0x00007ff8280b0000 	C:\Windows\System32\IMM32.DLL
0x00007ff80c220000 - 0x00007ff80c22c000 	D:\Softwares\IntelliJ IDEA 2024.3\jbr\bin\vcruntime140_1.dll
0x00007ff810e10000 - 0x00007ff810e9d000 	D:\Softwares\IntelliJ IDEA 2024.3\jbr\bin\msvcp140.dll
0x00007fffe2d10000 - 0x00007fffe3ad1000 	D:\Softwares\IntelliJ IDEA 2024.3\jbr\bin\server\jvm.dll
0x00007ff827e90000 - 0x00007ff827f3f000 	C:\Windows\System32\ADVAPI32.dll
0x00007ff827720000 - 0x00007ff8277bc000 	C:\Windows\System32\sechost.dll
0x00007ff827bc0000 - 0x00007ff827ce6000 	C:\Windows\System32\RPCRT4.dll
0x00007ff827cf0000 - 0x00007ff827d5b000 	C:\Windows\System32\WS2_32.dll
0x00007ff826990000 - 0x00007ff8269db000 	C:\Windows\SYSTEM32\POWRPROF.dll
0x00007ff81ce90000 - 0x00007ff81ceb7000 	C:\Windows\SYSTEM32\WINMM.dll
0x00007ff81dad0000 - 0x00007ff81dada000 	C:\Windows\SYSTEM32\VERSION.dll
0x00007ff826970000 - 0x00007ff826982000 	C:\Windows\SYSTEM32\UMPDC.dll
0x00007ff8249e0000 - 0x00007ff8249f2000 	C:\Windows\SYSTEM32\kernel.appcore.dll
0x00007ff80c0a0000 - 0x00007ff80c0aa000 	D:\Softwares\IntelliJ IDEA 2024.3\jbr\bin\jimage.dll
0x00007ff81d100000 - 0x00007ff81d2e4000 	C:\Windows\SYSTEM32\DBGHELP.DLL
0x00007ff816b50000 - 0x00007ff816b84000 	C:\Windows\SYSTEM32\dbgcore.DLL
0x00007ff827260000 - 0x00007ff8272e2000 	C:\Windows\System32\bcryptPrimitives.dll
0x00007ff80b870000 - 0x00007ff80b890000 	D:\Softwares\IntelliJ IDEA 2024.3\jbr\bin\java.dll
0x00007ff828560000 - 0x00007ff828ca4000 	C:\Windows\System32\SHELL32.dll
0x00007ff824be0000 - 0x00007ff825374000 	C:\Windows\SYSTEM32\windows.storage.dll
0x00007ff8280b0000 - 0x00007ff828404000 	C:\Windows\System32\combase.dll
0x00007ff8264a0000 - 0x00007ff8264ce000 	C:\Windows\SYSTEM32\Wldp.dll
0x00007ff827960000 - 0x00007ff827a0d000 	C:\Windows\System32\SHCORE.dll
0x00007ff8278a0000 - 0x00007ff8278f5000 	C:\Windows\System32\shlwapi.dll
0x00007ff826a60000 - 0x00007ff826a85000 	C:\Windows\SYSTEM32\profapi.dll
0x00007ff80b190000 - 0x00007ff80b1a8000 	D:\Softwares\IntelliJ IDEA 2024.3\jbr\bin\zip.dll
0x00007ff80c090000 - 0x00007ff80c0a0000 	D:\Softwares\IntelliJ IDEA 2024.3\jbr\bin\net.dll
0x00007ff81ed90000 - 0x00007ff81ee9a000 	C:\Windows\SYSTEM32\WINHTTP.dll
0x00007ff826200000 - 0x00007ff82626a000 	C:\Windows\system32\mswsock.dll
0x00007ff809570000 - 0x00007ff809586000 	D:\Softwares\IntelliJ IDEA 2024.3\jbr\bin\nio.dll
0x00007ff825ef0000 - 0x00007ff825f2c000 	C:\Windows\SYSTEM32\IPHLPAPI.DLL
0x00007ff829400000 - 0x00007ff829408000 	C:\Windows\System32\NSI.dll
0x00007ff8263f0000 - 0x00007ff826408000 	C:\Windows\SYSTEM32\CRYPTSP.dll
0x00007ff825b20000 - 0x00007ff825b54000 	C:\Windows\system32\rsaenh.dll
0x00007ff827230000 - 0x00007ff827257000 	C:\Windows\System32\bcrypt.dll
0x00007ff826a20000 - 0x00007ff826a4e000 	C:\Windows\SYSTEM32\USERENV.dll
0x00007ff826410000 - 0x00007ff82641c000 	C:\Windows\SYSTEM32\CRYPTBASE.dll
0x00007ff807d50000 - 0x00007ff807d59000 	D:\Softwares\IntelliJ IDEA 2024.3\jbr\bin\extnet.dll
0x00007fffe1210000 - 0x00007fffe1217000 	D:\Softwares\IntelliJ IDEA 2024.3\jbr\bin\rmi.dll
0x00007ff825f30000 - 0x00007ff825ffa000 	C:\Windows\SYSTEM32\DNSAPI.dll
0x00007ff819630000 - 0x00007ff81963a000 	C:\Windows\System32\rasadhlp.dll
0x00007ff819c40000 - 0x00007ff819cc2000 	C:\Windows\System32\fwpuclnt.dll
0x00007ff8093f0000 - 0x00007ff8093fe000 	D:\Softwares\IntelliJ IDEA 2024.3\jbr\bin\sunmscapi.dll
0x00007ff826c60000 - 0x00007ff826dbe000 	C:\Windows\System32\CRYPT32.dll
0x00007ff826510000 - 0x00007ff826538000 	C:\Windows\SYSTEM32\ncrypt.dll
0x00007ff8264d0000 - 0x00007ff82650b000 	C:\Windows\SYSTEM32\NTASN1.dll

dbghelp: loaded successfully - version: 4.0.5 - missing functions: none
symbol engine: initialized successfully - sym options: 0x614 - pdb path: .;D:\Softwares\IntelliJ IDEA 2024.3\jbr\bin;C:\Windows\SYSTEM32;C:\Windows\WinSxS\amd64_microsoft.windows.common-controls_6595b64144ccf1df_6.0.19041.1110_none_60b5254171f9507e;D:\Softwares\IntelliJ IDEA 2024.3\jbr\bin\server

VM Arguments:
jvm_args: -Djava.rmi.server.hostname=127.0.0.1 -Duser.timezone=UTC -Xmx2048m -Xms128m -Djdbc.classpath=C:\Users\Admin\AppData\Local\Temp\RemoteDriver.classpath.txt --add-exports=java.desktop/sun.awt=ALL-UNNAMED --add-exports=java.desktop/java.awt.peer=ALL-UNNAMED --add-opens=java.desktop/java.awt=ALL-UNNAMED --add-opens=jdk.unsupported/sun.misc=ALL-UNNAMED --add-opens=java.base/java.nio=ALL-UNNAMED --add-opens=java.base/java.util=ALL-UNNAMED -Dfile.encoding=UTF-8 -Dsun.stdout.encoding=UTF-8 -Dsun.stderr.encoding=UTF-8 
java_command: com.intellij.database.remote.RemoteJdbcServer com.mysql.cj.jdbc.Driver
java_class_path (initial): D:\Softwares\IntelliJ IDEA 2024.3\lib\util_rt.jar;D:\Softwares\IntelliJ IDEA 2024.3\lib\util-8.jar;D:\Softwares\IntelliJ IDEA 2024.3\lib\groovy.jar;D:\Softwares\IntelliJ IDEA 2024.3\plugins\DatabaseTools\lib\jdbc-console.jar;D:\Softwares\IntelliJ IDEA 2024.3\plugins\grid-core-impl\lib\jdbc-console-types.jar;D:\Softwares\IntelliJ IDEA 2024.3\lib\util.jar;D:\Softwares\IntelliJ IDEA 2024.3\lib\bouncy-castle.jar
Launcher Type: SUN_STANDARD

[Global flags]
     intx CICompilerCount                          = 4                                         {product} {ergonomic}
     uint ConcGCThreads                            = 2                                         {product} {ergonomic}
     uint G1ConcRefinementThreads                  = 8                                         {product} {ergonomic}
   size_t G1HeapRegionSize                         = 1048576                                   {product} {ergonomic}
    uintx GCDrainStackTargetSize                   = 64                                        {product} {ergonomic}
   size_t InitialHeapSize                          = 134217728                                 {product} {command line}
   size_t MarkStackSize                            = 4194304                                   {product} {ergonomic}
   size_t MaxHeapSize                              = 2147483648                                {product} {command line}
   size_t MaxNewSize                               = 1287651328                                {product} {ergonomic}
   size_t MinHeapDeltaBytes                        = 1048576                                   {product} {ergonomic}
   size_t MinHeapSize                              = 134217728                                 {product} {command line}
    uintx NonNMethodCodeHeapSize                   = 5839372                                {pd product} {ergonomic}
    uintx NonProfiledCodeHeapSize                  = 122909434                              {pd product} {ergonomic}
    uintx ProfiledCodeHeapSize                     = 122909434                              {pd product} {ergonomic}
    uintx ReservedCodeCacheSize                    = 251658240                              {pd product} {ergonomic}
     bool SegmentedCodeCache                       = true                                      {product} {ergonomic}
   size_t SoftMaxHeapSize                          = 2147483648                             {manageable} {ergonomic}
     bool UseCompressedOops                        = true                           {product lp64_product} {ergonomic}
     bool UseG1GC                                  = true                                      {product} {ergonomic}
     bool UseLargePagesIndividualAllocation        = false                                  {pd product} {ergonomic}

Logging:
Log output configuration:
 #0: stdout all=warning uptime,level,tags foldmultilines=false
 #1: stderr all=off uptime,level,tags foldmultilines=false

Environment Variables:
PATH=C:\Windows\system32;C:\Windows;C:\Windows\System32\Wbem;C:\Windows\System32\WindowsPowerShell\v1.0\;C:\Windows\System32\OpenSSH\;C:\Program Files\Cloudflare\Cloudflare WARP\;D:\Softwares\Nodejs\;D:\Softwares\Git\cmd;C:\Users\Admin\AppData\Local\Microsoft\WindowsApps;D:\Softwares\Microsoft VS Code\bin;C:\Users\Admin\AppData\Roaming\npm;D:\Softwares\IntelliJ IDEA 2024.3\bin;
USERNAME=Admin
OS=Windows_NT
PROCESSOR_IDENTIFIER=AMD64 Family 23 Model 24 Stepping 1, AuthenticAMD
TMP=C:\Users\Admin\AppData\Local\Temp
TEMP=C:\Users\Admin\AppData\Local\Temp




Periodic native trim disabled

JNI global refs:
JNI global refs: 18, weak refs: 0

JNI global refs memory usage: 835, weak refs: 201

Process memory usage:
Resident Set Size: 73216K (0% of 14617228K total physical memory with 3515044K free physical memory)

OOME stack traces (most recent first):
Classloader memory used:
Loader bootstrap                                                                       : 10955K
Loader jdk.internal.loader.ClassLoaders$AppClassLoader                                 : 3374K
Loader com.intellij.database.remote.jdbc.impl.JdbcClassLoader$JdbcClassLoaderImpl      : 2759K
Loader jdk.internal.loader.ClassLoaders$PlatformClassLoader                            : 777K
Loader jdk.internal.reflect.DelegatingClassLoader                                      : 30384B
Loader com.intellij.database.remote.jdbc.impl.JdbcClassLoader$1                        : 6904B

---------------  S Y S T E M  ---------------

OS:
 Windows 10 , 64 bit Build 19041 (10.0.19041.3155)
OS uptime: 0 days 7:50 hours

CPU: total 8 (initial active 8) (8 cores per cpu, 2 threads per core) family 23 model 24 stepping 1 microcode 0x0, cx8, cmov, fxsr, ht, mmx, 3dnowpref, sse, sse2, sse3, ssse3, sse4a, sse4.1, sse4.2, popcnt, lzcnt, tsc, tscinvbit, avx, avx2, aes, clmul, bmi1, bmi2, adx, sha, fma, vzeroupper, clflush, clflushopt, rdtscp, f16c
Processor Information for all 8 processors :
  Max Mhz: 2100, Current Mhz: 2100, Mhz Limit: 2100

Memory: 4k page, system-wide physical 14274M (3432M free)
TotalPageFile size 14274M (AvailPageFile size 5M)
current process WorkingSet (physical memory assigned to process): 74M, peak: 141M
current process commit charge ("private bytes"): 242M, peak: 270M

vm_info: OpenJDK 64-Bit Server VM (21.0.5+8-b631.16) for windows-amd64 JRE (21.0.5+8-b631.16), built on 2024-11-02 by "builduser" with MS VC++ 16.10 / 16.11 (VS2019)

END.
